Arguments: 
  /home/coditation/.nvm/versions/node/v14.18.0/bin/node /home/coditation/.nvm/versions/node/v14.18.0/bin/yarn add @tiptap/extension-iframe

PATH: 
  /home/coditation/google-cloud-sdk/bin:/opt/homebrew/bin:/home/coditation/.nvm/versions/node/v14.18.0/bin:/usr/local/sbin:/usr/local/bin:/usr/sbin:/usr/bin:/sbin:/bin:/usr/games:/usr/local/games:/snap/bin:/usr/lib/jvm/jdk-17//bin:/usr/lib/jvm/jdk-17//bin:/opt/homebrew/bin/:/opt/homebrew/bin:/home/coditation/Android/Sdk/emulator:/home/coditation/Android/Sdk/platform-tools

Yarn version: 
  1.22.15

Node version: 
  14.18.0

Platform: 
  linux x64

Trace: 
  Error: https://registry.yarnpkg.com/@tiptap%2fextension-iframe: Not found
      at Request.params.callback [as _callback] (/home/coditation/.nvm/versions/node/v14.18.0/lib/node_modules/yarn/lib/cli.js:66140:18)
      at Request.self.callback (/home/coditation/.nvm/versions/node/v14.18.0/lib/node_modules/yarn/lib/cli.js:140885:22)
      at Request.emit (events.js:400:28)
      at Request.<anonymous> (/home/coditation/.nvm/versions/node/v14.18.0/lib/node_modules/yarn/lib/cli.js:141857:10)
      at Request.emit (events.js:400:28)
      at IncomingMessage.<anonymous> (/home/coditation/.nvm/versions/node/v14.18.0/lib/node_modules/yarn/lib/cli.js:141779:12)
      at Object.onceWrapper (events.js:519:28)
      at IncomingMessage.emit (events.js:412:35)
      at endReadableNT (internal/streams/readable.js:1334:12)
      at processTicksAndRejections (internal/process/task_queues.js:82:21)

npm manifest: 
  {
    "name": "huddlpoc",
    "private": true,
    "version": "0.0.0",
    "scripts": {
      "dev": "vite",
      "build": "vite build",
      "preview": "vite preview"
    },
    "dependencies": {
      "@dhaiwat10/react-link-preview": "^1.14.0",
      "@hocuspocus/provider": "^1.0.0-alpha.36",
      "@tiptap/core": "^2.0.0-beta.176",
      "@tiptap/extension-collaboration": "^2.0.0-beta.33",
      "@tiptap/extension-floating-menu": "^2.0.0-beta.51",
      "@tiptap/extension-hard-break": "^2.0.0-beta.30",
      "@tiptap/extension-image": "^2.0.0-beta.27",
      "@tiptap/extension-link": "^2.0.0-beta.38",
      "@tiptap/extension-paragraph": "^2.0.0-beta.23",
      "@tiptap/extension-placeholder": "^2.0.0-beta.48",
      "@tiptap/react": "^2.0.0-beta.109",
      "@tiptap/starter-kit": "^2.0.0-beta.185",
      "@tiptap/suggestion": "^2.0.0-beta.92",
      "react": "^18.0.0",
      "react-dom": "^18.0.0",
      "y-webrtc": "^10.2.3",
      "yjs": "^13.5.38"
    },
    "devDependencies": {
      "@types/react": "^18.0.0",
      "@types/react-dom": "^18.0.0",
      "@vitejs/plugin-react": "^1.3.0",
      "vite": "^2.9.9"
    }
  }

yarn manifest: 
  No manifest

Lockfile: 
  # THIS IS AN AUTOGENERATED FILE. DO NOT EDIT THIS FILE DIRECTLY.
  # yarn lockfile v1
  
  
  "@ampproject/remapping@^2.1.0":
    version "2.2.0"
    resolved "https://registry.yarnpkg.com/@ampproject/remapping/-/remapping-2.2.0.tgz#56c133824780de3174aed5ab6834f3026790154d"
    integrity sha512-qRmjj8nj9qmLTQXXmaR1cck3UXSRMPrbsLJAasZpF+t3riI71BXed5ebIOYwQntykeZuhjsdweEc9BxH5Jc26w==
    dependencies:
      "@jridgewell/gen-mapping" "^0.1.0"
      "@jridgewell/trace-mapping" "^0.3.9"
  
  "@babel/code-frame@^7.0.0", "@babel/code-frame@^7.16.7":
    version "7.16.7"
    resolved "https://registry.yarnpkg.com/@babel/code-frame/-/code-frame-7.16.7.tgz#44416b6bd7624b998f5b1af5d470856c40138789"
    integrity sha512-iAXqUn8IIeBTNd72xsFlgaXHkMBMt6y4HJp1tIaK465CWLT/fG1aqB7ykr95gHHmlBdGbFeWWfyB4NJJ0nmeIg==
    dependencies:
      "@babel/highlight" "^7.16.7"
  
  "@babel/compat-data@^7.17.10":
    version "7.17.10"
    resolved "https://registry.yarnpkg.com/@babel/compat-data/-/compat-data-7.17.10.tgz#711dc726a492dfc8be8220028b1b92482362baab"
    integrity sha512-GZt/TCsG70Ms19gfZO1tM4CVnXsPgEPBCpJu+Qz3L0LUDsY5nZqFZglIoPC1kIYOtNBZlrnFT+klg12vFGZXrw==
  
  "@babel/core@^7.17.10":
    version "7.18.2"
    resolved "https://registry.yarnpkg.com/@babel/core/-/core-7.18.2.tgz#87b2fcd7cce9becaa7f5acebdc4f09f3dd19d876"
    integrity sha512-A8pri1YJiC5UnkdrWcmfZTJTV85b4UXTAfImGmCfYmax4TR9Cw8sDS0MOk++Gp2mE/BefVJ5nwy5yzqNJbP/DQ==
    dependencies:
      "@ampproject/remapping" "^2.1.0"
      "@babel/code-frame" "^7.16.7"
      "@babel/generator" "^7.18.2"
      "@babel/helper-compilation-targets" "^7.18.2"
      "@babel/helper-module-transforms" "^7.18.0"
      "@babel/helpers" "^7.18.2"
      "@babel/parser" "^7.18.0"
      "@babel/template" "^7.16.7"
      "@babel/traverse" "^7.18.2"
      "@babel/types" "^7.18.2"
      convert-source-map "^1.7.0"
      debug "^4.1.0"
      gensync "^1.0.0-beta.2"
      json5 "^2.2.1"
      semver "^6.3.0"
  
  "@babel/generator@^7.18.2":
    version "7.18.2"
    resolved "https://registry.yarnpkg.com/@babel/generator/-/generator-7.18.2.tgz#33873d6f89b21efe2da63fe554460f3df1c5880d"
    integrity sha512-W1lG5vUwFvfMd8HVXqdfbuG7RuaSrTCCD8cl8fP8wOivdbtbIg2Db3IWUcgvfxKbbn6ZBGYRW/Zk1MIwK49mgw==
    dependencies:
      "@babel/types" "^7.18.2"
      "@jridgewell/gen-mapping" "^0.3.0"
      jsesc "^2.5.1"
  
  "@babel/helper-annotate-as-pure@^7.16.7":
    version "7.16.7"
    resolved "https://registry.yarnpkg.com/@babel/helper-annotate-as-pure/-/helper-annotate-as-pure-7.16.7.tgz#bb2339a7534a9c128e3102024c60760a3a7f3862"
    integrity sha512-s6t2w/IPQVTAET1HitoowRGXooX8mCgtuP5195wD/QJPV6wYjpujCGF7JuMODVX2ZAJOf1GT6DT9MHEZvLOFSw==
    dependencies:
      "@babel/types" "^7.16.7"
  
  "@babel/helper-compilation-targets@^7.18.2":
    version "7.18.2"
    resolved "https://registry.yarnpkg.com/@babel/helper-compilation-targets/-/helper-compilation-targets-7.18.2.tgz#67a85a10cbd5fc7f1457fec2e7f45441dc6c754b"
    integrity sha512-s1jnPotJS9uQnzFtiZVBUxe67CuBa679oWFHpxYYnTpRL/1ffhyX44R9uYiXoa/pLXcY9H2moJta0iaanlk/rQ==
    dependencies:
      "@babel/compat-data" "^7.17.10"
      "@babel/helper-validator-option" "^7.16.7"
      browserslist "^4.20.2"
      semver "^6.3.0"
  
  "@babel/helper-environment-visitor@^7.16.7", "@babel/helper-environment-visitor@^7.18.2":
    version "7.18.2"
    resolved "https://registry.yarnpkg.com/@babel/helper-environment-visitor/-/helper-environment-visitor-7.18.2.tgz#8a6d2dedb53f6bf248e31b4baf38739ee4a637bd"
    integrity sha512-14GQKWkX9oJzPiQQ7/J36FTXcD4kSp8egKjO9nINlSKiHITRA9q/R74qu8S9xlc/b/yjsJItQUeeh3xnGN0voQ==
  
  "@babel/helper-function-name@^7.17.9":
    version "7.17.9"
    resolved "https://registry.yarnpkg.com/@babel/helper-function-name/-/helper-function-name-7.17.9.tgz#136fcd54bc1da82fcb47565cf16fd8e444b1ff12"
    integrity sha512-7cRisGlVtiVqZ0MW0/yFB4atgpGLWEHUVYnb448hZK4x+vih0YO5UoS11XIYtZYqHd0dIPMdUSv8q5K4LdMnIg==
    dependencies:
      "@babel/template" "^7.16.7"
      "@babel/types" "^7.17.0"
  
  "@babel/helper-hoist-variables@^7.16.7":
    version "7.16.7"
    resolved "https://registry.yarnpkg.com/@babel/helper-hoist-variables/-/helper-hoist-variables-7.16.7.tgz#86bcb19a77a509c7b77d0e22323ef588fa58c246"
    integrity sha512-m04d/0Op34H5v7pbZw6pSKP7weA6lsMvfiIAMeIvkY/R4xQtBSMFEigu9QTZ2qB/9l22vsxtM8a+Q8CzD255fg==
    dependencies:
      "@babel/types" "^7.16.7"
  
  "@babel/helper-module-imports@^7.0.0", "@babel/helper-module-imports@^7.16.7":
    version "7.16.7"
    resolved "https://registry.yarnpkg.com/@babel/helper-module-imports/-/helper-module-imports-7.16.7.tgz#25612a8091a999704461c8a222d0efec5d091437"
    integrity sha512-LVtS6TqjJHFc+nYeITRo6VLXve70xmq7wPhWTqDJusJEgGmkAACWwMiTNrvfoQo6hEhFwAIixNkvB0jPXDL8Wg==
    dependencies:
      "@babel/types" "^7.16.7"
  
  "@babel/helper-module-transforms@^7.18.0":
    version "7.18.0"
    resolved "https://registry.yarnpkg.com/@babel/helper-module-transforms/-/helper-module-transforms-7.18.0.tgz#baf05dec7a5875fb9235bd34ca18bad4e21221cd"
    integrity sha512-kclUYSUBIjlvnzN2++K9f2qzYKFgjmnmjwL4zlmU5f8ZtzgWe8s0rUPSTGy2HmK4P8T52MQsS+HTQAgZd3dMEA==
    dependencies:
      "@babel/helper-environment-visitor" "^7.16.7"
      "@babel/helper-module-imports" "^7.16.7"
      "@babel/helper-simple-access" "^7.17.7"
      "@babel/helper-split-export-declaration" "^7.16.7"
      "@babel/helper-validator-identifier" "^7.16.7"
      "@babel/template" "^7.16.7"
      "@babel/traverse" "^7.18.0"
      "@babel/types" "^7.18.0"
  
  "@babel/helper-plugin-utils@^7.16.7", "@babel/helper-plugin-utils@^7.17.12":
    version "7.17.12"
    resolved "https://registry.yarnpkg.com/@babel/helper-plugin-utils/-/helper-plugin-utils-7.17.12.tgz#86c2347da5acbf5583ba0a10aed4c9bf9da9cf96"
    integrity sha512-JDkf04mqtN3y4iAbO1hv9U2ARpPyPL1zqyWs/2WG1pgSq9llHFjStX5jdxb84himgJm+8Ng+x0oiWF/nw/XQKA==
  
  "@babel/helper-simple-access@^7.17.7":
    version "7.18.2"
    resolved "https://registry.yarnpkg.com/@babel/helper-simple-access/-/helper-simple-access-7.18.2.tgz#4dc473c2169ac3a1c9f4a51cfcd091d1c36fcff9"
    integrity sha512-7LIrjYzndorDY88MycupkpQLKS1AFfsVRm2k/9PtKScSy5tZq0McZTj+DiMRynboZfIqOKvo03pmhTaUgiD6fQ==
    dependencies:
      "@babel/types" "^7.18.2"
  
  "@babel/helper-split-export-declaration@^7.16.7":
    version "7.16.7"
    resolved "https://registry.yarnpkg.com/@babel/helper-split-export-declaration/-/helper-split-export-declaration-7.16.7.tgz#0b648c0c42da9d3920d85ad585f2778620b8726b"
    integrity sha512-xbWoy/PFoxSWazIToT9Sif+jJTlrMcndIsaOKvTA6u7QEo7ilkRZpjew18/W3c7nm8fXdUDXh02VXTbZ0pGDNw==
    dependencies:
      "@babel/types" "^7.16.7"
  
  "@babel/helper-validator-identifier@^7.16.7":
    version "7.16.7"
    resolved "https://registry.yarnpkg.com/@babel/helper-validator-identifier/-/helper-validator-identifier-7.16.7.tgz#e8c602438c4a8195751243da9031d1607d247cad"
    integrity sha512-hsEnFemeiW4D08A5gUAZxLBTXpZ39P+a+DGDsHw1yxqyQ/jzFEnxf5uTEGp+3bzAbNOxU1paTgYS4ECU/IgfDw==
  
  "@babel/helper-validator-option@^7.16.7":
    version "7.16.7"
    resolved "https://registry.yarnpkg.com/@babel/helper-validator-option/-/helper-validator-option-7.16.7.tgz#b203ce62ce5fe153899b617c08957de860de4d23"
    integrity sha512-TRtenOuRUVo9oIQGPC5G9DgK4743cdxvtOw0weQNpZXaS16SCBi5MNjZF8vba3ETURjZpTbVn7Vvcf2eAwFozQ==
  
  "@babel/helpers@^7.18.2":
    version "7.18.2"
    resolved "https://registry.yarnpkg.com/@babel/helpers/-/helpers-7.18.2.tgz#970d74f0deadc3f5a938bfa250738eb4ac889384"
    integrity sha512-j+d+u5xT5utcQSzrh9p+PaJX94h++KN+ng9b9WEJq7pkUPAd61FGqhjuUEdfknb3E/uDBb7ruwEeKkIxNJPIrg==
    dependencies:
      "@babel/template" "^7.16.7"
      "@babel/traverse" "^7.18.2"
      "@babel/types" "^7.18.2"
  
  "@babel/highlight@^7.16.7":
    version "7.17.12"
    resolved "https://registry.yarnpkg.com/@babel/highlight/-/highlight-7.17.12.tgz#257de56ee5afbd20451ac0a75686b6b404257351"
    integrity sha512-7yykMVF3hfZY2jsHZEEgLc+3x4o1O+fYyULu11GynEUQNwB6lua+IIQn1FiJxNucd5UlyJryrwsOh8PL9Sn8Qg==
    dependencies:
      "@babel/helper-validator-identifier" "^7.16.7"
      chalk "^2.0.0"
      js-tokens "^4.0.0"
  
  "@babel/parser@^7.16.7", "@babel/parser@^7.18.0":
    version "7.18.3"
    resolved "https://registry.yarnpkg.com/@babel/parser/-/parser-7.18.3.tgz#39e99c7b0c4c56cef4d1eed8de9f506411c2ebc2"
    integrity sha512-rL50YcEuHbbauAFAysNsJA4/f89fGTOBRNs9P81sniKnKAr4xULe5AecolcsKbi88xu0ByWYDj/S1AJ3FSFuSQ==
  
  "@babel/plugin-syntax-jsx@^7.17.12":
    version "7.17.12"
    resolved "https://registry.yarnpkg.com/@babel/plugin-syntax-jsx/-/plugin-syntax-jsx-7.17.12.tgz#834035b45061983a491f60096f61a2e7c5674a47"
    integrity sha512-spyY3E3AURfxh/RHtjx5j6hs8am5NbUBGfcZ2vB3uShSpZdQyXSf5rR5Mk76vbtlAZOelyVQ71Fg0x9SG4fsog==
    dependencies:
      "@babel/helper-plugin-utils" "^7.17.12"
  
  "@babel/plugin-transform-react-jsx-development@^7.16.7":
    version "7.16.7"
    resolved "https://registry.yarnpkg.com/@babel/plugin-transform-react-jsx-development/-/plugin-transform-react-jsx-development-7.16.7.tgz#43a00724a3ed2557ed3f276a01a929e6686ac7b8"
    integrity sha512-RMvQWvpla+xy6MlBpPlrKZCMRs2AGiHOGHY3xRwl0pEeim348dDyxeH4xBsMPbIMhujeq7ihE702eM2Ew0Wo+A==
    dependencies:
      "@babel/plugin-transform-react-jsx" "^7.16.7"
  
  "@babel/plugin-transform-react-jsx-self@^7.16.7":
    version "7.17.12"
    resolved "https://registry.yarnpkg.com/@babel/plugin-transform-react-jsx-self/-/plugin-transform-react-jsx-self-7.17.12.tgz#7f2e9b8c08d6a4204733138d8c29d4dba4bb66c2"
    integrity sha512-7S9G2B44EnYOx74mue02t1uD8ckWZ/ee6Uz/qfdzc35uWHX5NgRy9i+iJSb2LFRgMd+QV9zNcStQaazzzZ3n3Q==
    dependencies:
      "@babel/helper-plugin-utils" "^7.17.12"
  
  "@babel/plugin-transform-react-jsx-source@^7.16.7":
    version "7.16.7"
    resolved "https://registry.yarnpkg.com/@babel/plugin-transform-react-jsx-source/-/plugin-transform-react-jsx-source-7.16.7.tgz#1879c3f23629d287cc6186a6c683154509ec70c0"
    integrity sha512-rONFiQz9vgbsnaMtQlZCjIRwhJvlrPET8TabIUK2hzlXw9B9s2Ieaxte1SCOOXMbWRHodbKixNf3BLcWVOQ8Bw==
    dependencies:
      "@babel/helper-plugin-utils" "^7.16.7"
  
  "@babel/plugin-transform-react-jsx@^7.16.7", "@babel/plugin-transform-react-jsx@^7.17.3":
    version "7.17.12"
    resolved "https://registry.yarnpkg.com/@babel/plugin-transform-react-jsx/-/plugin-transform-react-jsx-7.17.12.tgz#2aa20022709cd6a3f40b45d60603d5f269586dba"
    integrity sha512-Lcaw8bxd1DKht3thfD4A12dqo1X16he1Lm8rIv8sTwjAYNInRS1qHa9aJoqvzpscItXvftKDCfaEQzwoVyXpEQ==
    dependencies:
      "@babel/helper-annotate-as-pure" "^7.16.7"
      "@babel/helper-module-imports" "^7.16.7"
      "@babel/helper-plugin-utils" "^7.17.12"
      "@babel/plugin-syntax-jsx" "^7.17.12"
      "@babel/types" "^7.17.12"
  
  "@babel/runtime@^7.5.5", "@babel/runtime@^7.7.2":
    version "7.18.3"
    resolved "https://registry.yarnpkg.com/@babel/runtime/-/runtime-7.18.3.tgz#c7b654b57f6f63cf7f8b418ac9ca04408c4579f4"
    integrity sha512-38Y8f7YUhce/K7RMwTp7m0uCumpv9hZkitCbBClqQIow1qSbCvGkcegKOXpEWCQLfWmevgRiWokZ1GkpfhbZug==
    dependencies:
      regenerator-runtime "^0.13.4"
  
  "@babel/template@^7.16.7":
    version "7.16.7"
    resolved "https://registry.yarnpkg.com/@babel/template/-/template-7.16.7.tgz#8d126c8701fde4d66b264b3eba3d96f07666d155"
    integrity sha512-I8j/x8kHUrbYRTUxXrrMbfCa7jxkE7tZre39x3kjr9hvI82cK1FfqLygotcWN5kdPGWcLdWMHpSBavse5tWw3w==
    dependencies:
      "@babel/code-frame" "^7.16.7"
      "@babel/parser" "^7.16.7"
      "@babel/types" "^7.16.7"
  
  "@babel/traverse@^7.18.0", "@babel/traverse@^7.18.2":
    version "7.18.2"
    resolved "https://registry.yarnpkg.com/@babel/traverse/-/traverse-7.18.2.tgz#b77a52604b5cc836a9e1e08dca01cba67a12d2e8"
    integrity sha512-9eNwoeovJ6KH9zcCNnENY7DMFwTU9JdGCFtqNLfUAqtUHRCOsTOqWoffosP8vKmNYeSBUv3yVJXjfd8ucwOjUA==
    dependencies:
      "@babel/code-frame" "^7.16.7"
      "@babel/generator" "^7.18.2"
      "@babel/helper-environment-visitor" "^7.18.2"
      "@babel/helper-function-name" "^7.17.9"
      "@babel/helper-hoist-variables" "^7.16.7"
      "@babel/helper-split-export-declaration" "^7.16.7"
      "@babel/parser" "^7.18.0"
      "@babel/types" "^7.18.2"
      debug "^4.1.0"
      globals "^11.1.0"
  
  "@babel/types@^7.16.7", "@babel/types@^7.17.0", "@babel/types@^7.17.12", "@babel/types@^7.18.0", "@babel/types@^7.18.2":
    version "7.18.2"
    resolved "https://registry.yarnpkg.com/@babel/types/-/types-7.18.2.tgz#191abfed79ebe6f4242f643a9a5cbaa36b10b091"
    integrity sha512-0On6B8A4/+mFUto5WERt3EEuG1NznDirvwca1O8UwXQHVY8g3R7OzYgxXdOfMwLO08UrpUD/2+3Bclyq+/C94Q==
    dependencies:
      "@babel/helper-validator-identifier" "^7.16.7"
      to-fast-properties "^2.0.0"
  
  "@dhaiwat10/react-link-preview@^1.14.0":
    version "1.14.0"
    resolved "https://registry.yarnpkg.com/@dhaiwat10/react-link-preview/-/react-link-preview-1.14.0.tgz#625b3fc6dbbce8e0c10a023497f917bc0c57f880"
    integrity sha512-TGzeO5EE3OIuFxf8IV/aNRH5/0itcb9zG2jLuBcqRgZIxcpn0jOJd+G/LpAGapkG8u91Yju09x//By+hENWuTA==
    dependencies:
      react-loading-skeleton "^2.2.0"
  
  "@emotion/cache@^10.0.27":
    version "10.0.29"
    resolved "https://registry.yarnpkg.com/@emotion/cache/-/cache-10.0.29.tgz#87e7e64f412c060102d589fe7c6dc042e6f9d1e0"
    integrity sha512-fU2VtSVlHiF27empSbxi1O2JFdNWZO+2NFHfwO0pxgTep6Xa3uGb+3pVKfLww2l/IBGLNEZl5Xf/++A4wAYDYQ==
    dependencies:
      "@emotion/sheet" "0.9.4"
      "@emotion/stylis" "0.8.5"
      "@emotion/utils" "0.11.3"
      "@emotion/weak-memoize" "0.2.5"
  
  "@emotion/core@^10.0.22":
    version "10.3.1"
    resolved "https://registry.yarnpkg.com/@emotion/core/-/core-10.3.1.tgz#4021b6d8b33b3304d48b0bb478485e7d7421c69d"
    integrity sha512-447aUEjPIm0MnE6QYIaFz9VQOHSXf4Iu6EWOIqq11EAPqinkSZmfymPTmlOE3QjLv846lH4JVZBUOtwGbuQoww==
    dependencies:
      "@babel/runtime" "^7.5.5"
      "@emotion/cache" "^10.0.27"
      "@emotion/css" "^10.0.27"
      "@emotion/serialize" "^0.11.15"
      "@emotion/sheet" "0.9.4"
      "@emotion/utils" "0.11.3"
  
  "@emotion/css@^10.0.27":
    version "10.0.27"
    resolved "https://registry.yarnpkg.com/@emotion/css/-/css-10.0.27.tgz#3a7458198fbbebb53b01b2b87f64e5e21241e14c"
    integrity sha512-6wZjsvYeBhyZQYNrGoR5yPMYbMBNEnanDrqmsqS1mzDm1cOTu12shvl2j4QHNS36UaTE0USIJawCH9C8oW34Zw==
    dependencies:
      "@emotion/serialize" "^0.11.15"
      "@emotion/utils" "0.11.3"
      babel-plugin-emotion "^10.0.27"
  
  "@emotion/hash@0.8.0":
    version "0.8.0"
    resolved "https://registry.yarnpkg.com/@emotion/hash/-/hash-0.8.0.tgz#bbbff68978fefdbe68ccb533bc8cbe1d1afb5413"
    integrity sha512-kBJtf7PH6aWwZ6fka3zQ0p6SBYzx4fl1LoZXE2RrnYST9Xljm7WfKJrU4g/Xr3Beg72MLrp1AWNUmuYJTL7Cow==
  
  "@emotion/memoize@0.7.4":
    version "0.7.4"
    resolved "https://registry.yarnpkg.com/@emotion/memoize/-/memoize-0.7.4.tgz#19bf0f5af19149111c40d98bb0cf82119f5d9eeb"
    integrity sha512-Ja/Vfqe3HpuzRsG1oBtWTHk2PGZ7GR+2Vz5iYGelAw8dx32K0y7PjVuxK6z1nMpZOqAFsRUPCkK1YjJ56qJlgw==
  
  "@emotion/serialize@^0.11.15", "@emotion/serialize@^0.11.16":
    version "0.11.16"
    resolved "https://registry.yarnpkg.com/@emotion/serialize/-/serialize-0.11.16.tgz#dee05f9e96ad2fb25a5206b6d759b2d1ed3379ad"
    integrity sha512-G3J4o8by0VRrO+PFeSc3js2myYNOXVJ3Ya+RGVxnshRYgsvErfAOglKAiy1Eo1vhzxqtUvjCyS5gtewzkmvSSg==
    dependencies:
      "@emotion/hash" "0.8.0"
      "@emotion/memoize" "0.7.4"
      "@emotion/unitless" "0.7.5"
      "@emotion/utils" "0.11.3"
      csstype "^2.5.7"
  
  "@emotion/sheet@0.9.4":
    version "0.9.4"
    resolved "https://registry.yarnpkg.com/@emotion/sheet/-/sheet-0.9.4.tgz#894374bea39ec30f489bbfc3438192b9774d32e5"
    integrity sha512-zM9PFmgVSqBw4zL101Q0HrBVTGmpAxFZH/pYx/cjJT5advXguvcgjHFTCaIO3enL/xr89vK2bh0Mfyj9aa0ANA==
  
  "@emotion/stylis@0.8.5":
    version "0.8.5"
    resolved "https://registry.yarnpkg.com/@emotion/stylis/-/stylis-0.8.5.tgz#deacb389bd6ee77d1e7fcaccce9e16c5c7e78e04"
    integrity sha512-h6KtPihKFn3T9fuIrwvXXUOwlx3rfUvfZIcP5a6rh8Y7zjE3O06hT5Ss4S/YI1AYhuZ1kjaE/5EaOOI2NqSylQ==
  
  "@emotion/unitless@0.7.5":
    version "0.7.5"
    resolved "https://registry.yarnpkg.com/@emotion/unitless/-/unitless-0.7.5.tgz#77211291c1900a700b8a78cfafda3160d76949ed"
    integrity sha512-OWORNpfjMsSSUBVrRBVGECkhWcULOAJz9ZW8uK9qgxD+87M7jHRcvh/A96XXNhXTLmKcoYSQtBEX7lHMO7YRwg==
  
  "@emotion/utils@0.11.3":
    version "0.11.3"
    resolved "https://registry.yarnpkg.com/@emotion/utils/-/utils-0.11.3.tgz#a759863867befa7e583400d322652a3f44820924"
    integrity sha512-0o4l6pZC+hI88+bzuaX/6BgOvQVhbt2PfmxauVaYOGgbsAw14wdKyvMCZXnsnsHys94iadcF+RG/wZyx6+ZZBw==
  
  "@emotion/weak-memoize@0.2.5":
    version "0.2.5"
    resolved "https://registry.yarnpkg.com/@emotion/weak-memoize/-/weak-memoize-0.2.5.tgz#8eed982e2ee6f7f4e44c253e12962980791efd46"
    integrity sha512-6U71C2Wp7r5XtFtQzYrW5iKFT67OixrSxjI4MptCHzdSVlgabczzqLe0ZSgnub/5Kp4hSbpDB1tMytZY9pwxxA==
  
  "@hocuspocus/common@^1.0.0-alpha.11":
    version "1.0.0-alpha.11"
    resolved "https://registry.yarnpkg.com/@hocuspocus/common/-/common-1.0.0-alpha.11.tgz#d598d221465338c1d912251105519e88f8486805"
    integrity sha512-oOddSLUTr8KrC58KSs5YHzr99ZSI4HZdIkYRoqmrusViF8M850uLXgYce7eG7Xaq4KlvXCSDG+wioQRTFXkCaA==
    dependencies:
      lib0 "^0.2.47"
  
  "@hocuspocus/provider@^1.0.0-alpha.36":
    version "1.0.0-alpha.36"
    resolved "https://registry.yarnpkg.com/@hocuspocus/provider/-/provider-1.0.0-alpha.36.tgz#a09dd42baa9c88cbd63027a18edcd3f79823a0cf"
    integrity sha512-vmrbaS2Si408Gau1vv/xH7ln/QbVJtUZsgLz0DwYYWWGcAJffaU1f89B2+sOL8IGRLclybldrVfZR+tFKBMzRw==
    dependencies:
      "@hocuspocus/common" "^1.0.0-alpha.11"
      "@lifeomic/attempt" "^3.0.2"
      lib0 "^0.2.46"
      y-protocols "^1.0.5"
      yjs "^13.5.29"
  
  "@jridgewell/gen-mapping@^0.1.0":
    version "0.1.1"
    resolved "https://registry.yarnpkg.com/@jridgewell/gen-mapping/-/gen-mapping-0.1.1.tgz#e5d2e450306a9491e3bd77e323e38d7aff315996"
    integrity sha512-sQXCasFk+U8lWYEe66WxRDOE9PjVz4vSM51fTu3Hw+ClTpUSQb718772vH3pyS5pShp6lvQM7SxgIDXXXmOX7w==
    dependencies:
      "@jridgewell/set-array" "^1.0.0"
      "@jridgewell/sourcemap-codec" "^1.4.10"
  
  "@jridgewell/gen-mapping@^0.3.0":
    version "0.3.1"
    resolved "https://registry.yarnpkg.com/@jridgewell/gen-mapping/-/gen-mapping-0.3.1.tgz#cf92a983c83466b8c0ce9124fadeaf09f7c66ea9"
    integrity sha512-GcHwniMlA2z+WFPWuY8lp3fsza0I8xPFMWL5+n8LYyP6PSvPrXf4+n8stDHZY2DM0zy9sVkRDy1jDI4XGzYVqg==
    dependencies:
      "@jridgewell/set-array" "^1.0.0"
      "@jridgewell/sourcemap-codec" "^1.4.10"
      "@jridgewell/trace-mapping" "^0.3.9"
  
  "@jridgewell/resolve-uri@^3.0.3":
    version "3.0.7"
    resolved "https://registry.yarnpkg.com/@jridgewell/resolve-uri/-/resolve-uri-3.0.7.tgz#30cd49820a962aff48c8fffc5cd760151fca61fe"
    integrity sha512-8cXDaBBHOr2pQ7j77Y6Vp5VDT2sIqWyWQ56TjEq4ih/a4iST3dItRe8Q9fp0rrIl9DoKhWQtUQz/YpOxLkXbNA==
  
  "@jridgewell/set-array@^1.0.0":
    version "1.1.1"
    resolved "https://registry.yarnpkg.com/@jridgewell/set-array/-/set-array-1.1.1.tgz#36a6acc93987adcf0ba50c66908bd0b70de8afea"
    integrity sha512-Ct5MqZkLGEXTVmQYbGtx9SVqD2fqwvdubdps5D3djjAkgkKwT918VNOz65pEHFaYTeWcukmJmH5SwsA9Tn2ObQ==
  
  "@jridgewell/sourcemap-codec@^1.4.10":
    version "1.4.13"
    resolved "https://registry.yarnpkg.com/@jridgewell/sourcemap-codec/-/sourcemap-codec-1.4.13.tgz#b6461fb0c2964356c469e115f504c95ad97ab88c"
    integrity sha512-GryiOJmNcWbovBxTfZSF71V/mXbgcV3MewDe3kIMCLyIh5e7SKAeUZs+rMnJ8jkMolZ/4/VsdBmMrw3l+VdZ3w==
  
  "@jridgewell/trace-mapping@^0.3.9":
    version "0.3.13"
    resolved "https://registry.yarnpkg.com/@jridgewell/trace-mapping/-/trace-mapping-0.3.13.tgz#dcfe3e95f224c8fe97a87a5235defec999aa92ea"
    integrity sha512-o1xbKhp9qnIAoHJSWd6KlCZfqslL4valSF81H8ImioOAxluWYWOpWkpyktY2vnt4tbrX9XYaxovq6cgowaJp2w==
    dependencies:
      "@jridgewell/resolve-uri" "^3.0.3"
      "@jridgewell/sourcemap-codec" "^1.4.10"
  
  "@lifeomic/attempt@^3.0.2":
    version "3.0.3"
    resolved "https://registry.yarnpkg.com/@lifeomic/attempt/-/attempt-3.0.3.tgz#e742a5b85eb673e2f1746b0f39cb932cbc6145bb"
    integrity sha512-GlM2AbzrErd/TmLL3E8hAHmb5Q7VhDJp35vIbyPVA5Rz55LZuRr8pwL3qrwwkVNo05gMX1J44gURKb4MHQZo7w==
  
  "@popperjs/core@^2.9.0":
    version "2.11.5"
    resolved "https://registry.yarnpkg.com/@popperjs/core/-/core-2.11.5.tgz#db5a11bf66bdab39569719555b0f76e138d7bd64"
    integrity sha512-9X2obfABZuDVLCgPK9aX0a/x4jaOEweTTWE2+9sr0Qqqevj2Uv5XorvusThmc9XGYpS9yI+fhh8RTafBtGposw==
  
  "@rollup/pluginutils@^4.2.1":
    version "4.2.1"
    resolved "https://registry.yarnpkg.com/@rollup/pluginutils/-/pluginutils-4.2.1.tgz#e6c6c3aba0744edce3fb2074922d3776c0af2a6d"
    integrity sha512-iKnFXr7NkdZAIHiIWE+BX5ULi/ucVFYWD6TbAV+rZctiRTY2PL6tsIKhoIOaoskiWAkgu+VsbXgUVDNLHf+InQ==
    dependencies:
      estree-walker "^2.0.1"
      picomatch "^2.2.2"
  
  "@tiptap/core@^2.0.0-beta.176":
    version "2.0.0-beta.176"
    resolved "https://registry.yarnpkg.com/@tiptap/core/-/core-2.0.0-beta.176.tgz#a8bb9b57d2ecf77b6cd02340324626ef3e336a15"
    integrity sha512-Gs/+yUYTNpt8PnclEHbfBnY56D/9PpKTyzrg8VZwCFK9S69aVD2dqLsYs/Gn+EjzKImXRAiqSe1/FWcNEDkmCg==
    dependencies:
      "@types/prosemirror-commands" "^1.0.4"
      "@types/prosemirror-keymap" "^1.0.4"
      "@types/prosemirror-model" "^1.16.0"
      "@types/prosemirror-schema-list" "^1.0.3"
      "@types/prosemirror-state" "^1.2.8"
      "@types/prosemirror-transform" "^1.1.5"
      "@types/prosemirror-view" "^1.23.1"
      prosemirror-commands "^1.2.1"
      prosemirror-keymap "^1.1.5"
      prosemirror-model "^1.16.1"
      prosemirror-schema-list "^1.1.6"
      prosemirror-state "^1.3.4"
      prosemirror-transform "^1.3.3"
      prosemirror-view "^1.23.6"
  
  "@tiptap/extension-blockquote@^2.0.0-beta.26":
    version "2.0.0-beta.26"
    resolved "https://registry.yarnpkg.com/@tiptap/extension-blockquote/-/extension-blockquote-2.0.0-beta.26.tgz#e5ae4b7bd9376db37407a23e22080c7b11287f3b"
    integrity sha512-A6yjcYovONJfOjQFk6vDYXswaCdCtCwjL7w9VTB0R2DLTuJvvRt9DWN0IDcMrj5G+aMgDq4GUUTitv+2Y8krDg==
  
  "@tiptap/extension-bold@^2.0.0-beta.26":
    version "2.0.0-beta.26"
    resolved "https://registry.yarnpkg.com/@tiptap/extension-bold/-/extension-bold-2.0.0-beta.26.tgz#aa1c7850df28cec8e0614fde437183bd4ae3e66b"
    integrity sha512-pnO0I5sEQM3pmowjMGQ74adLzvc6HqGyLyqMizaGMicPu9uTYlSdId+qckYEEgPwPMaEShtv2Vg+ZHs7KVqfcg==
  
  "@tiptap/extension-bubble-menu@^2.0.0-beta.56":
    version "2.0.0-beta.56"
    resolved "https://registry.yarnpkg.com/@tiptap/extension-bubble-menu/-/extension-bubble-menu-2.0.0-beta.56.tgz#d99cb673610a3af7e12444f4538463c7c58bfa04"
    integrity sha512-nZozwauICdaNPmDPrSn1JFd/9/2rLtK8i2vBOcqxWHObVROvu8ZlJspnrJv23vS6P7/ZO3e/QLVHpnn+1yVq3g==
    dependencies:
      prosemirror-state "^1.3.4"
      prosemirror-view "^1.23.6"
      tippy.js "^6.3.7"
  
  "@tiptap/extension-bullet-list@^2.0.0-beta.26":
    version "2.0.0-beta.26"
    resolved "https://registry.yarnpkg.com/@tiptap/extension-bullet-list/-/extension-bullet-list-2.0.0-beta.26.tgz#b42126d2d984c04041b14037e8d3ec1bcf16e7ec"
    integrity sha512-1n5HV8gY1tLjPk4x48nva6SZlFHoPlRfF6pqSu9JcJxPO7FUSPxUokuz4swYNe0LRrtykfyNz44dUcxKVhoFow==
  
  "@tiptap/extension-code-block@^2.0.0-beta.37":
    version "2.0.0-beta.37"
    resolved "https://registry.yarnpkg.com/@tiptap/extension-code-block/-/extension-code-block-2.0.0-beta.37.tgz#c07c007248a21d9e0434458fd05c363b7078227f"
    integrity sha512-mJAM+PHaNoKRYwM3D36lZ51/aoPxxvZNQn3UBnZ6G7l0ZJSgB3JvBEzqK6S8nNFeYIIxGwv4QF6vXe4MG9ie2g==
    dependencies:
      prosemirror-state "^1.3.4"
  
  "@tiptap/extension-code@^2.0.0-beta.26":
    version "2.0.0-beta.26"
    resolved "https://registry.yarnpkg.com/@tiptap/extension-code/-/extension-code-2.0.0-beta.26.tgz#bbfa600a252ee2cded6947b56b6c4c33d998e53a"
    integrity sha512-QcFWdEFfbJ1n5UFFBD17QPPAJ3J5p/b7XV484u0shCzywO7aNPV32QeHy1z0eMoyZtCbOWf6hg/a7Ugv8IwpHw==
  
  "@tiptap/extension-collaboration@^2.0.0-beta.33":
    version "2.0.0-beta.33"
    resolved "https://registry.yarnpkg.com/@tiptap/extension-collaboration/-/extension-collaboration-2.0.0-beta.33.tgz#558db79d08d37de22ada46d9f036f9c81b75a95c"
    integrity sha512-KMHJxsS/FSVyum2ds3gfu0WFU1Zu7xQ5YmsSCLXyBxkhDtBGWBZTcpcSh9siWfs26+Fk1ZvcEssNyRYMEummpQ==
    dependencies:
      prosemirror-state "^1.3.4"
      y-prosemirror "^1.0.14"
  
  "@tiptap/extension-document@^2.0.0-beta.15":
    version "2.0.0-beta.15"
    resolved "https://registry.yarnpkg.com/@tiptap/extension-document/-/extension-document-2.0.0-beta.15.tgz#5d17a0289244a913ab2ef08e8495a1e46950711e"
    integrity sha512-ypENC+xUYD5m2t+KOKNYqyXnanXd5fxyIyhR1qeEEwwQwMXGNrO3kCH6O4mIDCpy+/WqHvVay2tV5dVsXnvY8w==
  
  "@tiptap/extension-dropcursor@^2.0.0-beta.25":
    version "2.0.0-beta.25"
    resolved "https://registry.yarnpkg.com/@tiptap/extension-dropcursor/-/extension-dropcursor-2.0.0-beta.25.tgz#962f290a200259533a26194daca5a4b4a53e72d3"
    integrity sha512-GYf5s6dkZtsDy+TEkrQK6kLbfbitG4qnk02D+FlhlJMI/Nnx8rYCRJbwEHDdqrfX7XwZzULMqqqHvzxZYrEeNg==
    dependencies:
      "@types/prosemirror-dropcursor" "^1.0.3"
      prosemirror-dropcursor "^1.4.0"
  
  "@tiptap/extension-floating-menu@^2.0.0-beta.51":
    version "2.0.0-beta.51"
    resolved "https://registry.yarnpkg.com/@tiptap/extension-floating-menu/-/extension-floating-menu-2.0.0-beta.51.tgz#a1e53fd1c1d2ac00025d7f094d2b62eb08e81902"
    integrity sha512-rEe7jADK9xr2n2LJsrGEN3Dz7sEGC1JT/7AdTdaZBxQRQvwxTjomqYGrt+LnX+v0MYggh6swMzj7upJosnKbBg==
    dependencies:
      prosemirror-state "^1.3.4"
      prosemirror-view "^1.23.6"
      tippy.js "^6.3.7"
  
  "@tiptap/extension-gapcursor@^2.0.0-beta.34":
    version "2.0.0-beta.34"
    resolved "https://registry.yarnpkg.com/@tiptap/extension-gapcursor/-/extension-gapcursor-2.0.0-beta.34.tgz#0e4971affb1621934422dd5fc4bf2dd7a84f70f7"
    integrity sha512-Vm8vMWWQ2kJcUOLfB5CEo5pYgyudI7JeeiZvX9ScPmUmgKVYhEpt3EAICY9pUYJ41aAVH35gZLXkUtsz2f9GHw==
    dependencies:
      "@types/prosemirror-gapcursor" "^1.0.4"
      prosemirror-gapcursor "^1.2.1"
  
  "@tiptap/extension-hard-break@^2.0.0-beta.30":
    version "2.0.0-beta.30"
    resolved "https://registry.yarnpkg.com/@tiptap/extension-hard-break/-/extension-hard-break-2.0.0-beta.30.tgz#165494f1194a7bad08907e6d64d349dd15851b72"
    integrity sha512-X9xj/S+CikrbIE7ccUFVwit5QHEbflnKVxod+4zPwr1cxogFbE9AyLZE2MpYdx3z9LcnTYYi9leBqFrP4T/Olw==
  
  "@tiptap/extension-heading@^2.0.0-beta.26":
    version "2.0.0-beta.26"
    resolved "https://registry.yarnpkg.com/@tiptap/extension-heading/-/extension-heading-2.0.0-beta.26.tgz#112b14b4d488772bda36abbf7cb2bc8aba7c42f5"
    integrity sha512-nR6W/3rjnZH1Swo7tGBoYsmO6xMvu9MGq6jlm3WVHCB7B3CsrRvCkTwGjVIbKTaZC4bQfx5gvAUpQFvwuU+M5w==
  
  "@tiptap/extension-history@^2.0.0-beta.21":
    version "2.0.0-beta.21"
    resolved "https://registry.yarnpkg.com/@tiptap/extension-history/-/extension-history-2.0.0-beta.21.tgz#5d96a17a83a7130744f0757a3275dd5b11eb1bf7"
    integrity sha512-0v8Cl30V4dsabdpspLdk+f+lMoIvLFlJN5WRxtc7RRZ5gfJVxPHwooIKdvC51brfh/oJtWFCNMRjhoz0fRaF9A==
    dependencies:
      "@types/prosemirror-history" "^1.0.3"
      prosemirror-history "^1.2.0"
  
  "@tiptap/extension-horizontal-rule@^2.0.0-beta.31":
    version "2.0.0-beta.31"
    resolved "https://registry.yarnpkg.com/@tiptap/extension-horizontal-rule/-/extension-horizontal-rule-2.0.0-beta.31.tgz#efb383a6cedbbf4f2175d7d207eaeeba626faab0"
    integrity sha512-MNc4retfjRgkv3qxqGya0+/BEd1Kmn+oMsCRvE+8x3sXyKIse+vdqMuG5qUcA6np0ZD/9hh1riiQ1GQdgc23Ng==
    dependencies:
      prosemirror-state "^1.3.4"
  
  "@tiptap/extension-image@^2.0.0-beta.27":
    version "2.0.0-beta.27"
    resolved "https://registry.yarnpkg.com/@tiptap/extension-image/-/extension-image-2.0.0-beta.27.tgz#62152240cfa7ead03080c38485c1ebda4a603d18"
    integrity sha512-kdJ7V39yNdVWUco/RBe7WgvFevd81l+pU6+Je9HpelqBBP953wDttzLMuAWQB4AeLv9WhKSlORHiFv2SKsV5NA==
  
  "@tiptap/extension-italic@^2.0.0-beta.26":
    version "2.0.0-beta.26"
    resolved "https://registry.yarnpkg.com/@tiptap/extension-italic/-/extension-italic-2.0.0-beta.26.tgz#b00c9e32b81b1bd94eaed24bb2a22e44d5dc54a3"
    integrity sha512-vejGe2ra4K5ipFOn1U9viqF9X9nPTX8WSJpSOux+9UbKjHpANy7bz69tp66OIi/Wh5L/MMDc+luH/04qfVnpZw==
  
  "@tiptap/extension-link@^2.0.0-beta.38":
    version "2.0.0-beta.38"
    resolved "https://registry.yarnpkg.com/@tiptap/extension-link/-/extension-link-2.0.0-beta.38.tgz#e7fb0ebee0d557ef921bf3c7fa6a7c62335f66a5"
    integrity sha512-j+ygwq3cpDu5/8zPBcHyfgC5cuyO3jfV+2KcJw2I6Qi73y4Kwo3PW/leEYlSHkIt7i1zjyFHo/oDfC4K9x9eQg==
    dependencies:
      linkifyjs "^3.0.5"
      prosemirror-model "^1.16.1"
      prosemirror-state "^1.3.4"
  
  "@tiptap/extension-list-item@^2.0.0-beta.20":
    version "2.0.0-beta.20"
    resolved "https://registry.yarnpkg.com/@tiptap/extension-list-item/-/extension-list-item-2.0.0-beta.20.tgz#7169528b226dee4590e013bdf6e5fc6d83729b0f"
    integrity sha512-5IPEspJt38t9ROj4xLUesOVEYlTT/R9Skd9meHRxJQZX1qrzBICs5PC/WRIsnexrvTBhdxpYgCYjpvpsJBlKuQ==
  
  "@tiptap/extension-ordered-list@^2.0.0-beta.27":
    version "2.0.0-beta.27"
    resolved "https://registry.yarnpkg.com/@tiptap/extension-ordered-list/-/extension-ordered-list-2.0.0-beta.27.tgz#ed48a53a9b012d578613b68375db31e8664bfdc9"
    integrity sha512-apFDeignxdZb3cA3p1HJu0zw1JgJdBYUBz1r7f99qdNybYuk3I/1MPUvlOuOgvIrBB/wydoyVDP+v9F7QN3tfQ==
  
  "@tiptap/extension-paragraph@^2.0.0-beta.23":
    version "2.0.0-beta.23"
    resolved "https://registry.yarnpkg.com/@tiptap/extension-paragraph/-/extension-paragraph-2.0.0-beta.23.tgz#2ab77308519494994d7a9e5a4acd14042f45f28c"
    integrity sha512-VWAxyzecErYWk97Kv/Gkghh97zAQTcaVOisEnYYArZAlyYDaYM48qVssAC/vnRRynP2eQxb1EkppbAxE+bMHAA==
  
  "@tiptap/extension-placeholder@^2.0.0-beta.48":
    version "2.0.0-beta.48"
    resolved "https://registry.yarnpkg.com/@tiptap/extension-placeholder/-/extension-placeholder-2.0.0-beta.48.tgz#aff02fbdcd27772ff503b5f84a2f1d83da846006"
    integrity sha512-TZNGAHocPoV5DtB8Q5BwQU2uf5vDiwLxbgVHRAIme9P4VsVqa/U1i1TkyN5A5BVdfOzc+E4EOU7cKuyjy7DNyA==
    dependencies:
      prosemirror-model "^1.16.1"
      prosemirror-state "^1.3.4"
      prosemirror-view "^1.23.6"
  
  "@tiptap/extension-strike@^2.0.0-beta.27":
    version "2.0.0-beta.27"
    resolved "https://registry.yarnpkg.com/@tiptap/extension-strike/-/extension-strike-2.0.0-beta.27.tgz#c5187bf3c28837f95a5c0c0617d0dd31c318353d"
    integrity sha512-2dmCgtesuDdivM/54Q+Y6Tc3JbGz1SkHP6c62piuqBiYLWg3xa16zChZOhfN8szbbQlBgLT6XRTDt3c2Ux+Dug==
  
  "@tiptap/extension-text@^2.0.0-beta.15":
    version "2.0.0-beta.15"
    resolved "https://registry.yarnpkg.com/@tiptap/extension-text/-/extension-text-2.0.0-beta.15.tgz#f08cff1b78f1c6996464dfba1fef8ec1e107617f"
    integrity sha512-S3j2+HyV2gsXZP8Wg/HA+YVXQsZ3nrXgBM9HmGAxB0ESOO50l7LWfip0f3qcw1oRlh5H3iLPkA6/f7clD2/TFA==
  
  "@tiptap/react@^2.0.0-beta.109":
    version "2.0.0-beta.109"
    resolved "https://registry.yarnpkg.com/@tiptap/react/-/react-2.0.0-beta.109.tgz#0998989f7f81e2f90a10fb37c55d531d7015bbee"
    integrity sha512-kx/I+9DbiKX+LPFYTQf1Mycbw4U77nRsuztMi5UyGoONnwVwVxOUN6sxdnsNX0uo/H0Rf5ZAtQn8vQBaTWPzsQ==
    dependencies:
      "@tiptap/extension-bubble-menu" "^2.0.0-beta.56"
      "@tiptap/extension-floating-menu" "^2.0.0-beta.51"
      prosemirror-view "^1.23.6"
  
  "@tiptap/starter-kit@^2.0.0-beta.185":
    version "2.0.0-beta.185"
    resolved "https://registry.yarnpkg.com/@tiptap/starter-kit/-/starter-kit-2.0.0-beta.185.tgz#a14e2de102bce662f499de82253c2621dce982ef"
    integrity sha512-UN7GfYpenav9osAhUYfUnYxtGOYxq6i+k/rDEil/LsFKiRgWW7LrddX6X99TW66dmKohNXU4PaCy5RJ7IfoMdg==
    dependencies:
      "@tiptap/core" "^2.0.0-beta.176"
      "@tiptap/extension-blockquote" "^2.0.0-beta.26"
      "@tiptap/extension-bold" "^2.0.0-beta.26"
      "@tiptap/extension-bullet-list" "^2.0.0-beta.26"
      "@tiptap/extension-code" "^2.0.0-beta.26"
      "@tiptap/extension-code-block" "^2.0.0-beta.37"
      "@tiptap/extension-document" "^2.0.0-beta.15"
      "@tiptap/extension-dropcursor" "^2.0.0-beta.25"
      "@tiptap/extension-gapcursor" "^2.0.0-beta.34"
      "@tiptap/extension-hard-break" "^2.0.0-beta.30"
      "@tiptap/extension-heading" "^2.0.0-beta.26"
      "@tiptap/extension-history" "^2.0.0-beta.21"
      "@tiptap/extension-horizontal-rule" "^2.0.0-beta.31"
      "@tiptap/extension-italic" "^2.0.0-beta.26"
      "@tiptap/extension-list-item" "^2.0.0-beta.20"
      "@tiptap/extension-ordered-list" "^2.0.0-beta.27"
      "@tiptap/extension-paragraph" "^2.0.0-beta.23"
      "@tiptap/extension-strike" "^2.0.0-beta.27"
      "@tiptap/extension-text" "^2.0.0-beta.15"
  
  "@tiptap/suggestion@^2.0.0-beta.92":
    version "2.0.0-beta.92"
    resolved "https://registry.yarnpkg.com/@tiptap/suggestion/-/suggestion-2.0.0-beta.92.tgz#dcd9139eb20b4b77ba1bfd0955a9b5a9a06cc40e"
    integrity sha512-pdGlGDuZID8pf0v1l2/AEITvtKIfnnKJt5aYjszc2Bs7lohGGVwUwXoyH+gJpIueVz7suGfvyNKzHFHGpGdPow==
    dependencies:
      prosemirror-model "^1.16.1"
      prosemirror-state "^1.3.4"
      prosemirror-view "^1.23.6"
  
  "@types/orderedmap@*":
    version "1.0.0"
    resolved "https://registry.yarnpkg.com/@types/orderedmap/-/orderedmap-1.0.0.tgz#807455a192bba52cbbb4517044bc82bdbfa8c596"
    integrity sha512-dxKo80TqYx3YtBipHwA/SdFmMMyLCnP+5mkEqN0eMjcTBzHkiiX0ES118DsjDBjvD+zeSsSU9jULTZ+frog+Gw==
  
  "@types/parse-json@^4.0.0":
    version "4.0.0"
    resolved "https://registry.yarnpkg.com/@types/parse-json/-/parse-json-4.0.0.tgz#2f8bb441434d163b35fb8ffdccd7138927ffb8c0"
    integrity sha512-//oorEZjL6sbPcKUaCdIGlIUeH26mgzimjBB77G6XRgnDl/L5wOnpyBGRe/Mmf5CVW3PwEBE1NjiMZ/ssFh4wA==
  
  "@types/prop-types@*":
    version "15.7.5"
    resolved "https://registry.yarnpkg.com/@types/prop-types/-/prop-types-15.7.5.tgz#5f19d2b85a98e9558036f6a3cacc8819420f05cf"
    integrity sha512-JCB8C6SnDoQf0cNycqd/35A7MjcnK+ZTqE7judS6o7utxUCg6imJg3QK2qzHKszlTjcj2cn+NwMB2i96ubpj7w==
  
  "@types/prosemirror-commands@*", "@types/prosemirror-commands@^1.0.4":
    version "1.0.4"
    resolved "https://registry.yarnpkg.com/@types/prosemirror-commands/-/prosemirror-commands-1.0.4.tgz#d08551415127d93ae62e7239d30db0b5e7208e22"
    integrity sha512-utDNYB3EXLjAfYIcRWJe6pn3kcQ5kG4RijbT/0Y/TFOm6yhvYS/D9eJVnijdg9LDjykapcezchxGRqFD5LcyaQ==
    dependencies:
      "@types/prosemirror-model" "*"
      "@types/prosemirror-state" "*"
      "@types/prosemirror-view" "*"
  
  "@types/prosemirror-dropcursor@^1.0.3":
    version "1.0.3"
    resolved "https://registry.yarnpkg.com/@types/prosemirror-dropcursor/-/prosemirror-dropcursor-1.0.3.tgz#49250849b8a0b86e8c29eb1ba70a463e53e46947"
    integrity sha512-b0/8njnJ4lwyHKcGuCMf3x7r1KjxyugB1R/c2iMCjplsJHSC7UY9+OysqgJR5uUXRekUSGniiLgBtac/lvH6wg==
    dependencies:
      "@types/prosemirror-state" "*"
  
  "@types/prosemirror-gapcursor@^1.0.4":
    version "1.0.4"
    resolved "https://registry.yarnpkg.com/@types/prosemirror-gapcursor/-/prosemirror-gapcursor-1.0.4.tgz#7df7d373edb33ea8da12084bfd462cf84cd69761"
    integrity sha512-9xKjFIG5947dzerFvkLWp6F53JwrUYoYwh3SgcTFEp8SbSfNNrez/PFYVZKPnoqPoaK5WtTdQTaMwpCV9rXQIg==
    dependencies:
      "@types/prosemirror-model" "*"
      "@types/prosemirror-state" "*"
  
  "@types/prosemirror-history@^1.0.3":
    version "1.0.3"
    resolved "https://registry.yarnpkg.com/@types/prosemirror-history/-/prosemirror-history-1.0.3.tgz#f1110efbe758129b5475e466ff077f0a8d9b964f"
    integrity sha512-5TloMDRavgLjOAKXp1Li8u0xcsspzbT1Cm9F2pwHOkgvQOz1jWQb2VIXO7RVNsFjLBZdIXlyfSLivro3DuMWXg==
    dependencies:
      "@types/prosemirror-model" "*"
      "@types/prosemirror-state" "*"
  
  "@types/prosemirror-keymap@^1.0.4":
    version "1.0.4"
    resolved "https://registry.yarnpkg.com/@types/prosemirror-keymap/-/prosemirror-keymap-1.0.4.tgz#f73c79810e8d0e0a20d153d84f998f02e5afbc0c"
    integrity sha512-ycevwkqUh+jEQtPwqO7sWGcm+Sybmhu8MpBsM8DlO3+YTKnXbKA6SDz/+q14q1wK3UA8lHJyfR+v+GPxfUSemg==
    dependencies:
      "@types/prosemirror-commands" "*"
      "@types/prosemirror-model" "*"
      "@types/prosemirror-state" "*"
      "@types/prosemirror-view" "*"
  
  "@types/prosemirror-model@*", "@types/prosemirror-model@^1.16.0":
    version "1.16.2"
    resolved "https://registry.yarnpkg.com/@types/prosemirror-model/-/prosemirror-model-1.16.2.tgz#8896adac3a5d5d66f06491bb13940aa734a7b6e8"
    integrity sha512-1XPJopkKP3oHSBP61uuSuW13DIDZPWvAzP6Pv2/6mixk8EBPUeRGIW548DjJTicMo23gEg1zvCZy9asblQdWag==
    dependencies:
      "@types/orderedmap" "*"
  
  "@types/prosemirror-schema-list@^1.0.3":
    version "1.0.3"
    resolved "https://registry.yarnpkg.com/@types/prosemirror-schema-list/-/prosemirror-schema-list-1.0.3.tgz#bdf1893a7915fbdc5c49b3cac9368e96213d70de"
    integrity sha512-uWybOf+M2Ea7rlbs0yLsS4YJYNGXYtn4N+w8HCw3Vvfl6wBAROzlMt0gV/D/VW/7J/LlAjwMezuGe8xi24HzXA==
    dependencies:
      "@types/orderedmap" "*"
      "@types/prosemirror-model" "*"
      "@types/prosemirror-state" "*"
  
  "@types/prosemirror-state@*", "@types/prosemirror-state@^1.2.8":
    version "1.3.0"
    resolved "https://registry.yarnpkg.com/@types/prosemirror-state/-/prosemirror-state-1.3.0.tgz#7fd25db7244c027eef0849d79b112a8a0dfbb483"
    integrity sha512-nMdUF6w8B++NH4V54X+4GvDty7M02UfuHQW0s1AS25Z4ZrOW4RSY2+s57doXBbeMSjzYV/QoMxCY2sT3KQ2VdQ==
    dependencies:
      "@types/prosemirror-model" "*"
      "@types/prosemirror-transform" "*"
      "@types/prosemirror-view" "*"
  
  "@types/prosemirror-transform@*", "@types/prosemirror-transform@^1.1.5":
    version "1.4.1"
    resolved "https://registry.yarnpkg.com/@types/prosemirror-transform/-/prosemirror-transform-1.4.1.tgz#ec0823c2ae657cae351be7f75b3a23426d6a01b6"
    integrity sha512-WI9YNP4esHXYey1LOy8BcgkITVQXWTHeFB2Bax0kP+15QM27vJ2SCQO/whwNIiPu5E/eRCbrrgbP5Brst65rWw==
    dependencies:
      "@types/prosemirror-model" "*"
  
  "@types/prosemirror-view@*", "@types/prosemirror-view@^1.23.1":
    version "1.23.3"
    resolved "https://registry.yarnpkg.com/@types/prosemirror-view/-/prosemirror-view-1.23.3.tgz#8ad847fc45b9c7eba8362fccdafc7144c491ea35"
    integrity sha512-T5dPDmZiXAazJVSvnx55D6h4mcpiH2q2wTyO9zIeOdox5zx964+zcDl9dFNaXG3qCGlERwMPckhBZL1HCxyygw==
    dependencies:
      "@types/prosemirror-model" "*"
      "@types/prosemirror-state" "*"
      "@types/prosemirror-transform" "*"
  
  "@types/react-dom@^18.0.0":
    version "18.0.5"
    resolved "https://registry.yarnpkg.com/@types/react-dom/-/react-dom-18.0.5.tgz#330b2d472c22f796e5531446939eacef8378444a"
    integrity sha512-OWPWTUrY/NIrjsAPkAk1wW9LZeIjSvkXRhclsFO8CZcZGCOg2G0YZy4ft+rOyYxy8B7ui5iZzi9OkDebZ7/QSA==
    dependencies:
      "@types/react" "*"
  
  "@types/react@*", "@types/react@^18.0.0":
    version "18.0.9"
    resolved "https://registry.yarnpkg.com/@types/react/-/react-18.0.9.tgz#d6712a38bd6cd83469603e7359511126f122e878"
    integrity sha512-9bjbg1hJHUm4De19L1cHiW0Jvx3geel6Qczhjd0qY5VKVE2X5+x77YxAepuCwVh4vrgZJdgEJw48zrhRIeF4Nw==
    dependencies:
      "@types/prop-types" "*"
      "@types/scheduler" "*"
      csstype "^3.0.2"
  
  "@types/scheduler@*":
    version "0.16.2"
    resolved "https://registry.yarnpkg.com/@types/scheduler/-/scheduler-0.16.2.tgz#1a62f89525723dde24ba1b01b092bf5df8ad4d39"
    integrity sha512-hppQEBDmlwhFAXKJX2KnWLYu5yMfi91yazPb2l+lbJiwW+wdo1gNeRA+3RgNSO39WYX2euey41KEwnqesU2Jew==
  
  "@vitejs/plugin-react@^1.3.0":
    version "1.3.2"
    resolved "https://registry.yarnpkg.com/@vitejs/plugin-react/-/plugin-react-1.3.2.tgz#2fcf0b6ce9bcdcd4cec5c760c199779d5657ece1"
    integrity sha512-aurBNmMo0kz1O4qRoY+FM4epSA39y3ShWGuqfLRA/3z0oEJAdtoSfgA3aO98/PCCHAqMaduLxIxErWrVKIFzXA==
    dependencies:
      "@babel/core" "^7.17.10"
      "@babel/plugin-transform-react-jsx" "^7.17.3"
      "@babel/plugin-transform-react-jsx-development" "^7.16.7"
      "@babel/plugin-transform-react-jsx-self" "^7.16.7"
      "@babel/plugin-transform-react-jsx-source" "^7.16.7"
      "@rollup/pluginutils" "^4.2.1"
      react-refresh "^0.13.0"
      resolve "^1.22.0"
  
  ansi-styles@^3.2.1:
    version "3.2.1"
    resolved "https://registry.yarnpkg.com/ansi-styles/-/ansi-styles-3.2.1.tgz#41fbb20243e50b12be0f04b8dedbf07520ce841d"
    integrity sha512-VT0ZI6kZRdTh8YyJw3SMbYm/u+NqfsAxEpWO0Pf9sq8/e94WxxOpPKx9FR1FlyCtOVDNOQ+8ntlqFxiRc+r5qA==
    dependencies:
      color-convert "^1.9.0"
  
  babel-plugin-emotion@^10.0.27:
    version "10.2.2"
    resolved "https://registry.yarnpkg.com/babel-plugin-emotion/-/babel-plugin-emotion-10.2.2.tgz#a1fe3503cff80abfd0bdda14abd2e8e57a79d17d"
    integrity sha512-SMSkGoqTbTyUTDeuVuPIWifPdUGkTk1Kf9BWRiXIOIcuyMfsdp2EjeiiFvOzX8NOBvEh/ypKYvUh2rkgAJMCLA==
    dependencies:
      "@babel/helper-module-imports" "^7.0.0"
      "@emotion/hash" "0.8.0"
      "@emotion/memoize" "0.7.4"
      "@emotion/serialize" "^0.11.16"
      babel-plugin-macros "^2.0.0"
      babel-plugin-syntax-jsx "^6.18.0"
      convert-source-map "^1.5.0"
      escape-string-regexp "^1.0.5"
      find-root "^1.1.0"
      source-map "^0.5.7"
  
  babel-plugin-macros@^2.0.0:
    version "2.8.0"
    resolved "https://registry.yarnpkg.com/babel-plugin-macros/-/babel-plugin-macros-2.8.0.tgz#0f958a7cc6556b1e65344465d99111a1e5e10138"
    integrity sha512-SEP5kJpfGYqYKpBrj5XU3ahw5p5GOHJ0U5ssOSQ/WBVdwkD2Dzlce95exQTs3jOVWPPKLBN2rlEWkCK7dSmLvg==
    dependencies:
      "@babel/runtime" "^7.7.2"
      cosmiconfig "^6.0.0"
      resolve "^1.12.0"
  
  babel-plugin-syntax-jsx@^6.18.0:
    version "6.18.0"
    resolved "https://registry.yarnpkg.com/babel-plugin-syntax-jsx/-/babel-plugin-syntax-jsx-6.18.0.tgz#0af32a9a6e13ca7a3fd5069e62d7b0f58d0d8946"
    integrity sha512-qrPaCSo9c8RHNRHIotaufGbuOBN8rtdC4QrrFFc43vyWCCz7Kl7GL1PGaXtMGQZUXrkCjNEgxDfmAuAabr/rlw==
  
  base64-js@^1.3.1:
    version "1.5.1"
    resolved "https://registry.yarnpkg.com/base64-js/-/base64-js-1.5.1.tgz#1b1b440160a5bf7ad40b650f095963481903930a"
    integrity sha512-AKpaYlHn8t4SVbOHCy+b5+KKgvR4vrsD8vbvrbiQJps7fKDTkjkDry6ji0rUJjC0kzbNePLwzxq8iypo41qeWA==
  
  browserslist@^4.20.2:
    version "4.20.3"
    resolved "https://registry.yarnpkg.com/browserslist/-/browserslist-4.20.3.tgz#eb7572f49ec430e054f56d52ff0ebe9be915f8bf"
    integrity sha512-NBhymBQl1zM0Y5dQT/O+xiLP9/rzOIQdKM/eMJBAq7yBgaB6krIYLGejrwVYnSHZdqjscB1SPuAjHwxjvN6Wdg==
    dependencies:
      caniuse-lite "^1.0.30001332"
      electron-to-chromium "^1.4.118"
      escalade "^3.1.1"
      node-releases "^2.0.3"
      picocolors "^1.0.0"
  
  buffer@^6.0.3:
    version "6.0.3"
    resolved "https://registry.yarnpkg.com/buffer/-/buffer-6.0.3.tgz#2ace578459cc8fbe2a70aaa8f52ee63b6a74c6c6"
    integrity sha512-FTiCpNxtwiZZHEZbcbTIcZjERVICn9yq/pDFkTl95/AxzD1naBctN7YO68riM/gLSDY7sdrMby8hofADYuuqOA==
    dependencies:
      base64-js "^1.3.1"
      ieee754 "^1.2.1"
  
  callsites@^3.0.0:
    version "3.1.0"
    resolved "https://registry.yarnpkg.com/callsites/-/callsites-3.1.0.tgz#b3630abd8943432f54b3f0519238e33cd7df2f73"
    integrity sha512-P8BjAsXvZS+VIDUI11hHCQEv74YT67YUi5JJFNWIqL235sBmjX4+qx9Muvls5ivyNENctx46xQLQ3aTuE7ssaQ==
  
  caniuse-lite@^1.0.30001332:
    version "1.0.30001344"
    resolved "https://registry.yarnpkg.com/caniuse-lite/-/caniuse-lite-1.0.30001344.tgz#8a1e7fdc4db9c2ec79a05e9fd68eb93a761888bb"
    integrity sha512-0ZFjnlCaXNOAYcV7i+TtdKBp0L/3XEU2MF/x6Du1lrh+SRX4IfzIVL4HNJg5pB2PmFb8rszIGyOvsZnqqRoc2g==
  
  chalk@^2.0.0:
    version "2.4.2"
    resolved "https://registry.yarnpkg.com/chalk/-/chalk-2.4.2.tgz#cd42541677a54333cf541a49108c1432b44c9424"
    integrity sha512-Mti+f9lpJNcwF4tWV8/OrTTtF1gZi+f8FqlyAdouralcFWFQWF2+NgCHShjkCb+IFBLq9buZwE1xckQU4peSuQ==
    dependencies:
      ansi-styles "^3.2.1"
      escape-string-regexp "^1.0.5"
      supports-color "^5.3.0"
  
  color-convert@^1.9.0:
    version "1.9.3"
    resolved "https://registry.yarnpkg.com/color-convert/-/color-convert-1.9.3.tgz#bb71850690e1f136567de629d2d5471deda4c1e8"
    integrity sha512-QfAUtd+vFdAtFQcC8CCyYt1fYWxSqAiK2cSD6zDB8N3cpsEBAvRxp9zOGg6G/SHHJYAT88/az/IuDGALsNVbGg==
    dependencies:
      color-name "1.1.3"
  
  color-name@1.1.3:
    version "1.1.3"
    resolved "https://registry.yarnpkg.com/color-name/-/color-name-1.1.3.tgz#a7d0558bd89c42f795dd42328f740831ca53bc25"
    integrity sha512-72fSenhMw2HZMTVHeCA9KCmpEIbzWiQsjN+BHcBbS9vr1mtt+vJjPdksIBNUmKAW8TFUDPJK5SUU3QhE9NEXDw==
  
  convert-source-map@^1.5.0, convert-source-map@^1.7.0:
    version "1.8.0"
    resolved "https://registry.yarnpkg.com/convert-source-map/-/convert-source-map-1.8.0.tgz#f3373c32d21b4d780dd8004514684fb791ca4369"
    integrity sha512-+OQdjP49zViI/6i7nIJpA8rAl4sV/JdPfU9nZs3VqOwGIgizICvuN2ru6fMd+4llL0tar18UYJXfZ/TWtmhUjA==
    dependencies:
      safe-buffer "~5.1.1"
  
  cosmiconfig@^6.0.0:
    version "6.0.0"
    resolved "https://registry.yarnpkg.com/cosmiconfig/-/cosmiconfig-6.0.0.tgz#da4fee853c52f6b1e6935f41c1a2fc50bd4a9982"
    integrity sha512-xb3ZL6+L8b9JLLCx3ZdoZy4+2ECphCMo2PwqgP1tlfVq6M6YReyzBJtvWWtbDSpNr9hn96pkCiZqUcFEc+54Qg==
    dependencies:
      "@types/parse-json" "^4.0.0"
      import-fresh "^3.1.0"
      parse-json "^5.0.0"
      path-type "^4.0.0"
      yaml "^1.7.2"
  
  csstype@^2.5.7:
    version "2.6.20"
    resolved "https://registry.yarnpkg.com/csstype/-/csstype-2.6.20.tgz#9229c65ea0b260cf4d3d997cb06288e36a8d6dda"
    integrity sha512-/WwNkdXfckNgw6S5R125rrW8ez139lBHWouiBvX8dfMFtcn6V81REDqnH7+CRpRipfYlyU1CmOnOxrmGcFOjeA==
  
  csstype@^3.0.2:
    version "3.1.0"
    resolved "https://registry.yarnpkg.com/csstype/-/csstype-3.1.0.tgz#4ddcac3718d787cf9df0d1b7d15033925c8f29f2"
    integrity sha512-uX1KG+x9h5hIJsaKR9xHUeUraxf8IODOwq9JLNPq6BwB04a/xgpq3rcx47l5BZu5zBPlgD342tdke3Hom/nJRA==
  
  debug@^4.1.0, debug@^4.3.2:
    version "4.3.4"
    resolved "https://registry.yarnpkg.com/debug/-/debug-4.3.4.tgz#1319f6579357f2338d3337d2cdd4914bb5dcc865"
    integrity sha512-PRWFHuSU3eDtQJPvnNY7Jcket1j0t5OuOsFzPPzsekD52Zl8qUfFIPEiswXqIvHWGVHOgX+7G/vCNNhehwxfkQ==
    dependencies:
      ms "2.1.2"
  
  electron-to-chromium@^1.4.118:
    version "1.4.140"
    resolved "https://registry.yarnpkg.com/electron-to-chromium/-/electron-to-chromium-1.4.140.tgz#1b5836b7244aff341a11c8efd63dfe003dee4a19"
    integrity sha512-NLz5va823QfJBYOO/hLV4AfU4Crmkl/6Hl2pH3qdJcmi0ySZ3YTWHxOlDm3uJOFBEPy3pIhu8gKQo6prQTWKKA==
  
  err-code@^3.0.1:
    version "3.0.1"
    resolved "https://registry.yarnpkg.com/err-code/-/err-code-3.0.1.tgz#a444c7b992705f2b120ee320b09972eef331c920"
    integrity sha512-GiaH0KJUewYok+eeY05IIgjtAe4Yltygk9Wqp1V5yVWLdhf0hYZchRjNIT9bb0mSwRcIusT3cx7PJUf3zEIfUA==
  
  error-ex@^1.3.1:
    version "1.3.2"
    resolved "https://registry.yarnpkg.com/error-ex/-/error-ex-1.3.2.tgz#b4ac40648107fdcdcfae242f428bea8a14d4f1bf"
    integrity sha512-7dFHNmqeFSEt2ZBsCriorKnn3Z2pj+fd9kmI6QoWw4//DL+icEBfc0U7qJCisqrTsKTjw4fNFy2pW9OqStD84g==
    dependencies:
      is-arrayish "^0.2.1"
  
  esbuild-android-64@0.14.40:
    version "0.14.40"
    resolved "https://registry.yarnpkg.com/esbuild-android-64/-/esbuild-android-64-0.14.40.tgz#3973c2289512d42b30a1ff4f3d221865808c88f0"
    integrity sha512-+69t+bmJWWhTyG8waJZcu4UGzM4NbDXAwssTEDYwonyz6L/Is11Y3csJhE16RM0a1GeDin0n810vNP+NVjttKA==
  
  esbuild-android-arm64@0.14.40:
    version "0.14.40"
    resolved "https://registry.yarnpkg.com/esbuild-android-arm64/-/esbuild-android-arm64-0.14.40.tgz#fb7b358c1f6bc2aec8eba55cd4a41cf79163a40f"
    integrity sha512-lVDn4d7/NL5Svrxuskmd/YcluI6uI4Ebp7A1/tWyLJJYbvfIy5l4Vy8GMhErGLePbRyJJiuBP9xusapK4u+6bg==
  
  esbuild-darwin-64@0.14.40:
    version "0.14.40"
    resolved "https://registry.yarnpkg.com/esbuild-darwin-64/-/esbuild-darwin-64-0.14.40.tgz#2a6121b82a4b47b84319ab9fc527d749119f9721"
    integrity sha512-b5u3IXCHhOjkRHIQTSxCN7ObUR5NTyJCP9LrnJ69dEEi1w1usI40T/VNyTTCs7n0UgEH7/zi27vBxbZU+sU4Ew==
  
  esbuild-darwin-arm64@0.14.40:
    version "0.14.40"
    resolved "https://registry.yarnpkg.com/esbuild-darwin-arm64/-/esbuild-darwin-arm64-0.14.40.tgz#05e861994e3e9d2bcb694402773d04a313795410"
    integrity sha512-Wn0C2nrZSANvzK9efcxjKpv9l8yUC4PtYMmnf775gUNwak7sqecuoelhbUTshhrwsfjCNfjsrUhsHY2OHUiEdw==
  
  esbuild-freebsd-64@0.14.40:
    version "0.14.40"
    resolved "https://registry.yarnpkg.com/esbuild-freebsd-64/-/esbuild-freebsd-64-0.14.40.tgz#c663153facba055b6dc9e91be1383b49c713c7ac"
    integrity sha512-B9WZNUn7Y9f97xrQGBAQPKsebeFZzAd+JCdsLCexrVfTjB24b+/Iuq5O2z/q5Meg7Yz0S+j8AO6ncpvNkK2u0w==
  
  esbuild-freebsd-arm64@0.14.40:
    version "0.14.40"
    resolved "https://registry.yarnpkg.com/esbuild-freebsd-arm64/-/esbuild-freebsd-arm64-0.14.40.tgz#b4253e9635305fb4bf7fc37b2e577164d19074d6"
    integrity sha512-3aB9uJv2/lmQNzwmieNyyOdxKi+3ERwrqf3snBu/oEng8b7nMBNrEN+p7jjkTYNYmo291KiH/5EIAXwpsZndFw==
  
  esbuild-linux-32@0.14.40:
    version "0.14.40"
    resolved "https://registry.yarnpkg.com/esbuild-linux-32/-/esbuild-linux-32-0.14.40.tgz#50be3e21eec24ec6b7883bb683b0f49b2f31b9e4"
    integrity sha512-LMI9BMeuGf6NRS23LbyVarN3nf+JyNcfiVEnR9M8691kL5Ffp3e7oTYRH65XdTUirM9D6e5cppfWLjvrRbGnRw==
  
  esbuild-linux-64@0.14.40:
    version "0.14.40"
    resolved "https://registry.yarnpkg.com/esbuild-linux-64/-/esbuild-linux-64-0.14.40.tgz#803dc0ec48a616ccad7335f094629a9c94253461"
    integrity sha512-D/NkZ9QR2KShJXNuRWANxJzPCrwJoAoWVetQiGIAepzXbNh+dBo5ZLmlh8Txs6tE600N67MF/ScHP1S4FxLaJg==
  
  esbuild-linux-arm64@0.14.40:
    version "0.14.40"
    resolved "https://registry.yarnpkg.com/esbuild-linux-arm64/-/esbuild-linux-arm64-0.14.40.tgz#f308815ae2eae0136ef9d6c5249ed6183e2cee10"
    integrity sha512-TIoZWKjrMJxZujh2nSsrrLkLDLzD/oBpSiobdUGe2bqKZpT4m7fkR0tEDNyM6Xvzj9uTQ4iTfJr2ekmpg3DyTQ==
  
  esbuild-linux-arm@0.14.40:
    version "0.14.40"
    resolved "https://registry.yarnpkg.com/esbuild-linux-arm/-/esbuild-linux-arm-0.14.40.tgz#0ef81d9a251f94b4202ade0cf9321fe7f481d39e"
    integrity sha512-2a0yZXbzr/s3iCgZ84jFTHf+NyyXQ/7/Sd28oQq5iyy7TbJNS973XUOwgdlHdRqBxvw0nIWTw2FuwyUJAFa6Qg==
  
  esbuild-linux-mips64le@0.14.40:
    version "0.14.40"
    resolved "https://registry.yarnpkg.com/esbuild-linux-mips64le/-/esbuild-linux-mips64le-0.14.40.tgz#f78c9a9044b15080d1b1d6191e576971312b746d"
    integrity sha512-SP30CYYSDMwr6mPUbjvD4K2R03GQHIQGrkrbXt5NM6mFqzR+S+JKVv9juq/CjlM9V7iIPPPqe4mb4DWC3b8pBw==
  
  esbuild-linux-ppc64le@0.14.40:
    version "0.14.40"
    resolved "https://registry.yarnpkg.com/esbuild-linux-ppc64le/-/esbuild-linux-ppc64le-0.14.40.tgz#58c18b78693d6930c652ff8454641959c17e3c34"
    integrity sha512-HlU3dfIdwzm/zhbXvMa5yWIafBeI7v6BDaEuApAww5Av8ht7lXgD1fZ11iJVPjRWNLcCZUgZaJKFrosSPQO/Bw==
  
  esbuild-linux-riscv64@0.14.40:
    version "0.14.40"
    resolved "https://registry.yarnpkg.com/esbuild-linux-riscv64/-/esbuild-linux-riscv64-0.14.40.tgz#a8f391d74ed27cb8a13aeebe0ed78b4abf6f4bb2"
    integrity sha512-4ImTBEUykhIcIq3c97dIXnsmAHb//cjHh4nxttLhwpTZ+b/KdM1IpttqFhB0AFLUsrjP4WOCMxAm5FOL7FC2uw==
  
  esbuild-linux-s390x@0.14.40:
    version "0.14.40"
    resolved "https://registry.yarnpkg.com/esbuild-linux-s390x/-/esbuild-linux-s390x-0.14.40.tgz#5d45c04e226fe738beb5441b95f360309e1c50cb"
    integrity sha512-kFCPKictYjpt5rt0bFdbSmb8AWut75sIh1fZUTCVkujWMcpdL8ADuYMfVrN7R0CSQvkF1nQtrIBfp+ZU7R7KNQ==
  
  esbuild-netbsd-64@0.14.40:
    version "0.14.40"
    resolved "https://registry.yarnpkg.com/esbuild-netbsd-64/-/esbuild-netbsd-64-0.14.40.tgz#0fe303453338685a6748facca8b5fb95d0e75a3c"
    integrity sha512-Hwzw2cSI6+p03TUjugzec54W6uW4tA1J/WovmlHl96Icjy73eWnAyCQwgG6ZLirXpt2aDfTEVShNaC2fE4KVhQ==
  
  esbuild-openbsd-64@0.14.40:
    version "0.14.40"
    resolved "https://registry.yarnpkg.com/esbuild-openbsd-64/-/esbuild-openbsd-64-0.14.40.tgz#53e088375516b2cb3ddbec1bccffe3e7a5e64459"
    integrity sha512-L4Pix+N2Sb0HvLl8zyn1Aq2aYD5Jt8rk9zwW3NUx19yafJqAFsnUN7L/XbbWSv5/XMqnY4hpAvIP2pyeV9+Bjw==
  
  esbuild-sunos-64@0.14.40:
    version "0.14.40"
    resolved "https://registry.yarnpkg.com/esbuild-sunos-64/-/esbuild-sunos-64-0.14.40.tgz#a33f5362b8f2e10b2e0020ea3fca05c7d9d60134"
    integrity sha512-iEITaelmmCO43ewk0bOYRGrewu2i2h2V0gKHQ/rz1MRqif8ohY/FNLn4WnThGUlrEgA1nTL1tc57PL12QbOo2Q==
  
  esbuild-windows-32@0.14.40:
    version "0.14.40"
    resolved "https://registry.yarnpkg.com/esbuild-windows-32/-/esbuild-windows-32-0.14.40.tgz#1c367a85bde66eb8f5998f87b248f9b5b2b24522"
    integrity sha512-uXHmKl4RtCkK1v6QQK4hsP8Xiku6CwUM/W7Yv2rGtfylSOrrWKcpqwlDWx6bIm1Hav1uBC8hbgJ1hY6pWFNhNA==
  
  esbuild-windows-64@0.14.40:
    version "0.14.40"
    resolved "https://registry.yarnpkg.com/esbuild-windows-64/-/esbuild-windows-64-0.14.40.tgz#b76cefd4287660c151132e5d0026a0f02c3a732c"
    integrity sha512-dvgQLVYnJzqce97AeHvxWtV9lHRDxIPatOikmrh1vt/SCE4tyVo5nAT/2SiZBJ6DzYmZT3BcJTV24bBLyu4ZUA==
  
  esbuild-windows-arm64@0.14.40:
    version "0.14.40"
    resolved "https://registry.yarnpkg.com/esbuild-windows-arm64/-/esbuild-windows-arm64-0.14.40.tgz#5cc40498aba3f16fa2106845910f53d04824cea8"
    integrity sha512-c8ohQSFtRq78pZ/LQcpMft2xuR2IEitQkW07f9K7iN4EBdJMrCpOoXrZCfmX9lAC8yYOU7xHoLFYVln3n6fK1Q==
  
  esbuild@^0.14.27:
    version "0.14.40"
    resolved "https://registry.yarnpkg.com/esbuild/-/esbuild-0.14.40.tgz#736008e6416b73d46e53130a830b451bd8c1698e"
    integrity sha512-toIoQk3ODEEIudsN74wXGdw1eiUN4aKRijOqiwEAqfUFlhORPYFJtACzRdRRlpUysRUUlvIUoGE1aw/MIVCWnA==
    optionalDependencies:
      esbuild-android-64 "0.14.40"
      esbuild-android-arm64 "0.14.40"
      esbuild-darwin-64 "0.14.40"
      esbuild-darwin-arm64 "0.14.40"
      esbuild-freebsd-64 "0.14.40"
      esbuild-freebsd-arm64 "0.14.40"
      esbuild-linux-32 "0.14.40"
      esbuild-linux-64 "0.14.40"
      esbuild-linux-arm "0.14.40"
      esbuild-linux-arm64 "0.14.40"
      esbuild-linux-mips64le "0.14.40"
      esbuild-linux-ppc64le "0.14.40"
      esbuild-linux-riscv64 "0.14.40"
      esbuild-linux-s390x "0.14.40"
      esbuild-netbsd-64 "0.14.40"
      esbuild-openbsd-64 "0.14.40"
      esbuild-sunos-64 "0.14.40"
      esbuild-windows-32 "0.14.40"
      esbuild-windows-64 "0.14.40"
      esbuild-windows-arm64 "0.14.40"
  
  escalade@^3.1.1:
    version "3.1.1"
    resolved "https://registry.yarnpkg.com/escalade/-/escalade-3.1.1.tgz#d8cfdc7000965c5a0174b4a82eaa5c0552742e40"
    integrity sha512-k0er2gUkLf8O0zKJiAhmkTnJlTvINGv7ygDNPbeIsX/TJjGJZHuh9B2UxbsaEkmlEo9MfhrSzmhIlhRlI2GXnw==
  
  escape-string-regexp@^1.0.5:
    version "1.0.5"
    resolved "https://registry.yarnpkg.com/escape-string-regexp/-/escape-string-regexp-1.0.5.tgz#1b61c0562190a8dff6ae3bb2cf0200ca130b86d4"
    integrity sha1-G2HAViGQqN/2rjuyzwIAyhMLhtQ=
  
  estree-walker@^2.0.1:
    version "2.0.2"
    resolved "https://registry.yarnpkg.com/estree-walker/-/estree-walker-2.0.2.tgz#52f010178c2a4c117a7757cfe942adb7d2da4cac"
    integrity sha512-Rfkk/Mp/DL7JVje3u18FxFujQlTNR2q6QfMSMB7AvCBx91NGj/ba3kCfza0f6dVDbw7YlRf/nDrn7pQrCCyQ/w==
  
  find-root@^1.1.0:
    version "1.1.0"
    resolved "https://registry.yarnpkg.com/find-root/-/find-root-1.1.0.tgz#abcfc8ba76f708c42a97b3d685b7e9450bfb9ce4"
    integrity sha512-NKfW6bec6GfKc0SGx1e07QZY9PE99u0Bft/0rzSD5k3sO/vwkVUpDUKVm5Gpp5Ue3YfShPFTX2070tDs5kB9Ng==
  
  fsevents@~2.3.2:
    version "2.3.2"
    resolved "https://registry.yarnpkg.com/fsevents/-/fsevents-2.3.2.tgz#8a526f78b8fdf4623b709e0b975c52c24c02fd1a"
    integrity sha512-xiqMQR4xAeHTuB9uWm+fFRcIOgKBMiOBP+eXiyT7jsgVCq1bkVygt00oASowB7EdtpOHaaPgKt812P9ab+DDKA==
  
  function-bind@^1.1.1:
    version "1.1.1"
    resolved "https://registry.yarnpkg.com/function-bind/-/function-bind-1.1.1.tgz#a56899d3ea3c9bab874bb9773b7c5ede92f4895d"
    integrity sha512-yIovAzMX49sF8Yl58fSCWJ5svSLuaibPxXQJFLmBObTuCr0Mf1KiPopGM9NiFjiYBCbfaa2Fh6breQ6ANVTI0A==
  
  gensync@^1.0.0-beta.2:
    version "1.0.0-beta.2"
    resolved "https://registry.yarnpkg.com/gensync/-/gensync-1.0.0-beta.2.tgz#32a6ee76c3d7f52d46b2b1ae5d93fea8580a25e0"
    integrity sha512-3hN7NaskYvMDLQY55gnW3NQ+mesEAepTqlg+VEbj7zzqEMBVNhzcGYYeqFo/TlYz6eQiFcp1HcsCZO+nGgS8zg==
  
  get-browser-rtc@^1.1.0:
    version "1.1.0"
    resolved "https://registry.yarnpkg.com/get-browser-rtc/-/get-browser-rtc-1.1.0.tgz#d1494e299b00f33fc8e9d6d3343ba4ba99711a2c"
    integrity sha512-MghbMJ61EJrRsDe7w1Bvqt3ZsBuqhce5nrn/XAwgwOXhcsz53/ltdxOse1h/8eKXj5slzxdsz56g5rzOFSGwfQ==
  
  globals@^11.1.0:
    version "11.12.0"
    resolved "https://registry.yarnpkg.com/globals/-/globals-11.12.0.tgz#ab8795338868a0babd8525758018c2a7eb95c42e"
    integrity sha512-WOBp/EEGUiIsJSp7wcv/y6MO+lV9UoncWqxuFfm8eBwzWNgyfBd6Gz+IeKQ9jCmyhoH99g15M3T+QaVHFjizVA==
  
  has-flag@^3.0.0:
    version "3.0.0"
    resolved "https://registry.yarnpkg.com/has-flag/-/has-flag-3.0.0.tgz#b5d454dc2199ae225699f3467e5a07f3b955bafd"
    integrity sha1-tdRU3CGZriJWmfNGfloH87lVuv0=
  
  has@^1.0.3:
    version "1.0.3"
    resolved "https://registry.yarnpkg.com/has/-/has-1.0.3.tgz#722d7cbfc1f6aa8241f16dd814e011e1f41e8796"
    integrity sha512-f2dvO0VU6Oej7RkWJGrehjbzMAjFp5/VKPp5tTpWIV4JHHZK1/BxbFRtf/siA2SWTe09caDmVtYYzWEIbBS4zw==
    dependencies:
      function-bind "^1.1.1"
  
  ieee754@^1.2.1:
    version "1.2.1"
    resolved "https://registry.yarnpkg.com/ieee754/-/ieee754-1.2.1.tgz#8eb7a10a63fff25d15a57b001586d177d1b0d352"
    integrity sha512-dcyqhDvX1C46lXZcVqCpK+FtMRQVdIMN6/Df5js2zouUsqG7I6sFxitIC+7KYK29KdXOLHdu9zL4sFnoVQnqaA==
  
  import-fresh@^3.1.0:
    version "3.3.0"
    resolved "https://registry.yarnpkg.com/import-fresh/-/import-fresh-3.3.0.tgz#37162c25fcb9ebaa2e6e53d5b4d88ce17d9e0c2b"
    integrity sha512-veYYhQa+D1QBKznvhUHxb8faxlrwUnxseDAbAp457E0wLNio2bOSKnjYDhMj+YiAq61xrMGhQk9iXVk5FzgQMw==
    dependencies:
      parent-module "^1.0.0"
      resolve-from "^4.0.0"
  
  inherits@^2.0.3:
    version "2.0.4"
    resolved "https://registry.yarnpkg.com/inherits/-/inherits-2.0.4.tgz#0fa2c64f932917c3433a0ded55363aae37416b7c"
    integrity sha512-k/vGaX4/Yla3WzyMCvTQOXYeIHvqOKtnqBduzTHpzpQZzAskKMhZ2K+EnBiSM9zGSoIFeMpXKxa4dYeZIQqewQ==
  
  is-arrayish@^0.2.1:
    version "0.2.1"
    resolved "https://registry.yarnpkg.com/is-arrayish/-/is-arrayish-0.2.1.tgz#77c99840527aa8ecb1a8ba697b80645a7a926a9d"
    integrity sha512-zz06S8t0ozoDXMG+ube26zeCTNXcKIPJZJi8hBrF4idCLms4CG9QtK7qBl1boi5ODzFpjswb5JPmHCbMpjaYzg==
  
  is-core-module@^2.8.1:
    version "2.9.0"
    resolved "https://registry.yarnpkg.com/is-core-module/-/is-core-module-2.9.0.tgz#e1c34429cd51c6dd9e09e0799e396e27b19a9c69"
    integrity sha512-+5FPy5PnwmO3lvfMb0AsoPaBG+5KHUI0wYFXOtYPnVVVspTFUuMZNfNaNVRt3FZadstu2c8x23vykRW/NBoU6A==
    dependencies:
      has "^1.0.3"
  
  isomorphic.js@^0.2.4:
    version "0.2.5"
    resolved "https://registry.yarnpkg.com/isomorphic.js/-/isomorphic.js-0.2.5.tgz#13eecf36f2dba53e85d355e11bf9d4208c6f7f88"
    integrity sha512-PIeMbHqMt4DnUP3MA/Flc0HElYjMXArsw1qwJZcm9sqR8mq3l8NYizFMty0pWwE/tzIGH3EKK5+jes5mAr85yw==
  
  "js-tokens@^3.0.0 || ^4.0.0", js-tokens@^4.0.0:
    version "4.0.0"
    resolved "https://registry.yarnpkg.com/js-tokens/-/js-tokens-4.0.0.tgz#19203fb59991df98e3a287050d4647cdeaf32499"
    integrity sha512-RdJUflcE3cUzKiMqQgsCu06FPu9UdIJO0beYbPhHN4k6apgJtifcoCtT9bcxOpYBtpD2kCM6Sbzg4CausW/PKQ==
  
  jsesc@^2.5.1:
    version "2.5.2"
    resolved "https://registry.yarnpkg.com/jsesc/-/jsesc-2.5.2.tgz#80564d2e483dacf6e8ef209650a67df3f0c283a4"
    integrity sha512-OYu7XEzjkCQ3C5Ps3QIZsQfNpqoJyZZA99wd9aWd05NCtC5pWOkShK2mkL6HXQR6/Cy2lbNdPlZBpuQHXE63gA==
  
  json-parse-even-better-errors@^2.3.0:
    version "2.3.1"
    resolved "https://registry.yarnpkg.com/json-parse-even-better-errors/-/json-parse-even-better-errors-2.3.1.tgz#7c47805a94319928e05777405dc12e1f7a4ee02d"
    integrity sha512-xyFwyhro/JEof6Ghe2iz2NcXoj2sloNsWr/XsERDK/oiPCfaNhl5ONfp+jQdAZRQQ0IJWNzH9zIZF7li91kh2w==
  
  json5@^2.2.1:
    version "2.2.1"
    resolved "https://registry.yarnpkg.com/json5/-/json5-2.2.1.tgz#655d50ed1e6f95ad1a3caababd2b0efda10b395c"
    integrity sha512-1hqLFMSrGHRHxav9q9gNjJ5EXznIxGVO09xQRrwplcS8qs28pZ8s8hupZAmqDwZUmVZ2Qb2jnyPOWcDH8m8dlA==
  
  lib0@^0.2.42, lib0@^0.2.46, lib0@^0.2.47, lib0@^0.2.49:
    version "0.2.51"
    resolved "https://registry.yarnpkg.com/lib0/-/lib0-0.2.51.tgz#23b1271a26f39120a4d0f86b9dfb44577f5ce98c"
    integrity sha512-05Erb3465CxJa38LQlMz4EbetNvRna1S3BzqEjC0/pmp5cQuQSfNNmeS0722Wev1dRlMUp2Cql0gQ55krSXf2Q==
    dependencies:
      isomorphic.js "^0.2.4"
  
  lines-and-columns@^1.1.6:
    version "1.2.4"
    resolved "https://registry.yarnpkg.com/lines-and-columns/-/lines-and-columns-1.2.4.tgz#eca284f75d2965079309dc0ad9255abb2ebc1632"
    integrity sha512-7ylylesZQ/PV29jhEDl3Ufjo6ZX7gCqJr5F7PKrqc93v7fzSymt1BpwEU8nAUXs8qzzvqhbjhK5QZg6Mt/HkBg==
  
  linkifyjs@^3.0.5:
    version "3.0.5"
    resolved "https://registry.yarnpkg.com/linkifyjs/-/linkifyjs-3.0.5.tgz#99e51a3a0c0e232fcb63ebb89eea3ff923378f34"
    integrity sha512-1Y9XQH65eQKA9p2xtk+zxvnTeQBG7rdAXSkUG97DmuI/Xhji9uaUzaWxRj6rf9YC0v8KKHkxav7tnLX82Sz5Fg==
  
  loose-envify@^1.1.0:
    version "1.4.0"
    resolved "https://registry.yarnpkg.com/loose-envify/-/loose-envify-1.4.0.tgz#71ee51fa7be4caec1a63839f7e682d8132d30caf"
    integrity sha512-lyuxPGr/Wfhrlem2CL/UcnUc1zcqKAImBDzukY7Y5F/yQiNdko6+fRLevlw1HgMySw7f611UIY408EtxRSoK3Q==
    dependencies:
      js-tokens "^3.0.0 || ^4.0.0"
  
  ms@2.1.2:
    version "2.1.2"
    resolved "https://registry.yarnpkg.com/ms/-/ms-2.1.2.tgz#d09d1f357b443f493382a8eb3ccd183872ae6009"
    integrity sha512-sGkPx+VjMtmA6MX27oA4FBFELFCZZ4S4XqeGOXCv68tT+jb3vk/RyaKWP0PTKyWtmLSM0b+adUTEvbs1PEaH2w==
  
  nanoid@^3.3.4:
    version "3.3.4"
    resolved "https://registry.yarnpkg.com/nanoid/-/nanoid-3.3.4.tgz#730b67e3cd09e2deacf03c027c81c9d9dbc5e8ab"
    integrity sha512-MqBkQh/OHTS2egovRtLk45wEyNXwF+cokD+1YPf9u5VfJiRdAiRwB2froX5Co9Rh20xs4siNPm8naNotSD6RBw==
  
  node-releases@^2.0.3:
    version "2.0.5"
    resolved "https://registry.yarnpkg.com/node-releases/-/node-releases-2.0.5.tgz#280ed5bc3eba0d96ce44897d8aee478bfb3d9666"
    integrity sha512-U9h1NLROZTq9uE1SNffn6WuPDg8icmi3ns4rEl/oTfIle4iLjTliCzgTsbaIFMq/Xn078/lfY/BL0GWZ+psK4Q==
  
  orderedmap@^1.1.0:
    version "1.1.7"
    resolved "https://registry.yarnpkg.com/orderedmap/-/orderedmap-1.1.7.tgz#ca9c1ea60259863ee9c6bee0e69a3fa10f252df3"
    integrity sha512-B1SuadDDwIRXXutaJQ1xjreGL3hxujpexBG4PquoXbgJD8bjp2k8b8qI/mk7q0LUdIx7T8IALWB8mPbfsjbGCw==
  
  parent-module@^1.0.0:
    version "1.0.1"
    resolved "https://registry.yarnpkg.com/parent-module/-/parent-module-1.0.1.tgz#691d2709e78c79fae3a156622452d00762caaaa2"
    integrity sha512-GQ2EWRpQV8/o+Aw8YqtfZZPfNRWZYkbidE9k5rpl/hC3vtHHBfGm2Ifi6qWV+coDGkrUKZAxE3Lot5kcsRlh+g==
    dependencies:
      callsites "^3.0.0"
  
  parse-json@^5.0.0:
    version "5.2.0"
    resolved "https://registry.yarnpkg.com/parse-json/-/parse-json-5.2.0.tgz#c76fc66dee54231c962b22bcc8a72cf2f99753cd"
    integrity sha512-ayCKvm/phCGxOkYRSCM82iDwct8/EonSEgCSxWxD7ve6jHggsFl4fZVQBPRNgQoKiuV/odhFrGzQXZwbifC8Rg==
    dependencies:
      "@babel/code-frame" "^7.0.0"
      error-ex "^1.3.1"
      json-parse-even-better-errors "^2.3.0"
      lines-and-columns "^1.1.6"
  
  path-parse@^1.0.7:
    version "1.0.7"
    resolved "https://registry.yarnpkg.com/path-parse/-/path-parse-1.0.7.tgz#fbc114b60ca42b30d9daf5858e4bd68bbedb6735"
    integrity sha512-LDJzPVEEEPR+y48z93A0Ed0yXb8pAByGWo/k5YYdYgpY2/2EsOsksJrq7lOHxryrVOn1ejG6oAp8ahvOIQD8sw==
  
  path-type@^4.0.0:
    version "4.0.0"
    resolved "https://registry.yarnpkg.com/path-type/-/path-type-4.0.0.tgz#84ed01c0a7ba380afe09d90a8c180dcd9d03043b"
    integrity sha512-gDKb8aZMDeD/tZWs9P6+q0J9Mwkdl6xMV8TjnGP3qJVJ06bdMgkbBlLU8IdfOsIsFz2BW1rNVT3XuNEl8zPAvw==
  
  picocolors@^1.0.0:
    version "1.0.0"
    resolved "https://registry.yarnpkg.com/picocolors/-/picocolors-1.0.0.tgz#cb5bdc74ff3f51892236eaf79d68bc44564ab81c"
    integrity sha512-1fygroTLlHu66zi26VoTDv8yRgm0Fccecssto+MhsZ0D/DGW2sm8E8AjW7NU5VVTRt5GxbeZ5qBuJr+HyLYkjQ==
  
  picomatch@^2.2.2:
    version "2.3.1"
    resolved "https://registry.yarnpkg.com/picomatch/-/picomatch-2.3.1.tgz#3ba3833733646d9d3e4995946c1365a67fb07a42"
    integrity sha512-JU3teHTNjmE2VCGFzuY8EXzCDVwEqB2a8fsIvwaStHhAWJEeVd1o1QD80CU6+ZdEXXSLbSsuLwJjkCBWqRQUVA==
  
  postcss@^8.4.13:
    version "8.4.14"
    resolved "https://registry.yarnpkg.com/postcss/-/postcss-8.4.14.tgz#ee9274d5622b4858c1007a74d76e42e56fd21caf"
    integrity sha512-E398TUmfAYFPBSdzgeieK2Y1+1cpdxJx8yXbK/m57nRhKSmk1GB2tO4lbLBtlkfPQTDKfe4Xqv1ASWPpayPEig==
    dependencies:
      nanoid "^3.3.4"
      picocolors "^1.0.0"
      source-map-js "^1.0.2"
  
  prosemirror-commands@^1.2.1:
    version "1.2.2"
    resolved "https://registry.yarnpkg.com/prosemirror-commands/-/prosemirror-commands-1.2.2.tgz#1bd167372ee20abf488aca9cece63c43fab182c9"
    integrity sha512-TX+KpWudMon06frryfpO/u7hsQv2hu8L4VSVbCpi3/7wXHBgl+35mV85qfa3RpT8xD2f3MdeoTqH0vy5JdbXPg==
    dependencies:
      prosemirror-model "^1.0.0"
      prosemirror-state "^1.0.0"
      prosemirror-transform "^1.0.0"
  
  prosemirror-dropcursor@^1.4.0:
    version "1.4.0"
    resolved "https://registry.yarnpkg.com/prosemirror-dropcursor/-/prosemirror-dropcursor-1.4.0.tgz#91a859d4ee79c99b1c0ba6ee61c093b195c0d9f0"
    integrity sha512-6+YwTjmqDwlA/Dm+5wK67ezgqgjA/MhSDgaNxKUzH97SmeuWFXyLeDRxxOPZeSo7yTxcDGUCWTEjmQZsVBuMrQ==
    dependencies:
      prosemirror-state "^1.0.0"
      prosemirror-transform "^1.1.0"
      prosemirror-view "^1.1.0"
  
  prosemirror-gapcursor@^1.2.1:
    version "1.2.2"
    resolved "https://registry.yarnpkg.com/prosemirror-gapcursor/-/prosemirror-gapcursor-1.2.2.tgz#7394613ba4a1601fad1f36f1cff8961968c22ffa"
    integrity sha512-7YzuRBbu9W7HGQde84kCHfIjaRLNcAdeijbgqrm/R9dsdTWkV+rrdcmic/sCc+bptiNpvjCEE+R6hrbT8zFQeQ==
    dependencies:
      prosemirror-keymap "^1.0.0"
      prosemirror-model "^1.0.0"
      prosemirror-state "^1.0.0"
      prosemirror-view "^1.0.0"
  
  prosemirror-history@^1.2.0:
    version "1.2.0"
    resolved "https://registry.yarnpkg.com/prosemirror-history/-/prosemirror-history-1.2.0.tgz#04cc4df8d2f7b2a46651a2780de191ada6d465ea"
    integrity sha512-B9v9xtf4fYbKxQwIr+3wtTDNLDZcmMMmGiI3TAPShnUzvo+Rmv1GiUrsQChY1meetHl7rhML2cppF3FTs7f7UQ==
    dependencies:
      prosemirror-state "^1.2.2"
      prosemirror-transform "^1.0.0"
      rope-sequence "^1.3.0"
  
  prosemirror-keymap@^1.0.0, prosemirror-keymap@^1.1.5:
    version "1.1.5"
    resolved "https://registry.yarnpkg.com/prosemirror-keymap/-/prosemirror-keymap-1.1.5.tgz#b5984c7d30f5c75956c853126c54e9e624c0327b"
    integrity sha512-8SZgPH3K+GLsHL2wKuwBD9rxhsbnVBTwpHCO4VUO5GmqUQlxd/2GtBVWTsyLq4Dp3N9nGgPd3+lZFKUDuVp+Vw==
    dependencies:
      prosemirror-state "^1.0.0"
      w3c-keyname "^2.2.0"
  
  prosemirror-model@^1.0.0, prosemirror-model@^1.16.0, prosemirror-model@^1.16.1:
    version "1.16.1"
    resolved "https://registry.yarnpkg.com/prosemirror-model/-/prosemirror-model-1.16.1.tgz#fb388270bc9609b66298d6a7e15d0cc1d6c61253"
    integrity sha512-r1/w0HDU40TtkXp0DyKBnFPYwd8FSlUSJmGCGFv4DeynfeSlyQF2FD0RQbVEMOe6P3PpUSXM6LZBV7W/YNZ4mA==
    dependencies:
      orderedmap "^1.1.0"
  
  prosemirror-schema-list@^1.1.6:
    version "1.1.6"
    resolved "https://registry.yarnpkg.com/prosemirror-schema-list/-/prosemirror-schema-list-1.1.6.tgz#c3e13fe2f74750e4a53ff88d798dc0c4ccca6707"
    integrity sha512-aFGEdaCWmJzouZ8DwedmvSsL50JpRkqhQ6tcpThwJONVVmCgI36LJHtoQ4VGZbusMavaBhXXr33zyD2IVsTlkw==
    dependencies:
      prosemirror-model "^1.0.0"
      prosemirror-transform "^1.0.0"
  
  prosemirror-state@^1.0.0, prosemirror-state@^1.2.2, prosemirror-state@^1.3.4:
    version "1.3.4"
    resolved "https://registry.yarnpkg.com/prosemirror-state/-/prosemirror-state-1.3.4.tgz#4c6b52628216e753fc901c6d2bfd84ce109e8952"
    integrity sha512-Xkkrpd1y/TQ6HKzN3agsQIGRcLckUMA9u3j207L04mt8ToRgpGeyhbVv0HI7omDORIBHjR29b7AwlATFFf2GLA==
    dependencies:
      prosemirror-model "^1.0.0"
      prosemirror-transform "^1.0.0"
  
  prosemirror-transform@^1.0.0, prosemirror-transform@^1.1.0, prosemirror-transform@^1.3.3:
    version "1.4.2"
    resolved "https://registry.yarnpkg.com/prosemirror-transform/-/prosemirror-transform-1.4.2.tgz#35f56091bcab3359f1eb90e82ce9f20cc52105c1"
    integrity sha512-bcIsf3uRZhfab0xRfyyxOEh6eqSszq/hJbDbmUumFnbHBoWhB/uXbpz6vvUxfk0XiEvrZDJ+5pXRrNDc1Hu3vQ==
    dependencies:
      prosemirror-model "^1.0.0"
  
  prosemirror-view@^1.0.0, prosemirror-view@^1.1.0, prosemirror-view@^1.23.6:
    version "1.23.13"
    resolved "https://registry.yarnpkg.com/prosemirror-view/-/prosemirror-view-1.23.13.tgz#d423c601d33ad3adfd1ab73fb72270acc9de9adf"
    integrity sha512-X/NcwZv8pgcEWfs3n++Wz4nDgqDIeDvJ9kfCk6DCoC9XUlDekqJLFt9wCcCUBXedb8hs/dmd+JmcaLgbr67XZw==
    dependencies:
      prosemirror-model "^1.16.0"
      prosemirror-state "^1.0.0"
      prosemirror-transform "^1.1.0"
  
  queue-microtask@^1.2.3:
    version "1.2.3"
    resolved "https://registry.yarnpkg.com/queue-microtask/-/queue-microtask-1.2.3.tgz#4929228bbc724dfac43e0efb058caf7b6cfb6243"
    integrity sha512-NuaNSa6flKT5JaSYQzJok04JzTL1CA6aGhv5rfLW3PgqA+M2ChpZQnAC8h8i4ZFkBS8X5RqkDBHA7r4hej3K9A==
  
  randombytes@^2.1.0:
    version "2.1.0"
    resolved "https://registry.yarnpkg.com/randombytes/-/randombytes-2.1.0.tgz#df6f84372f0270dc65cdf6291349ab7a473d4f2a"
    integrity sha512-vYl3iOX+4CKUWuxGi9Ukhie6fsqXqS9FE2Zaic4tNFD2N2QQaXOMFbuKK4QmDHC0JO6B1Zp41J0LpT0oR68amQ==
    dependencies:
      safe-buffer "^5.1.0"
  
  react-dom@^18.0.0:
    version "18.1.0"
    resolved "https://registry.yarnpkg.com/react-dom/-/react-dom-18.1.0.tgz#7f6dd84b706408adde05e1df575b3a024d7e8a2f"
    integrity sha512-fU1Txz7Budmvamp7bshe4Zi32d0ll7ect+ccxNu9FlObT605GOEB8BfO4tmRJ39R5Zj831VCpvQ05QPBW5yb+w==
    dependencies:
      loose-envify "^1.1.0"
      scheduler "^0.22.0"
  
  react-loading-skeleton@^2.2.0:
    version "2.2.0"
    resolved "https://registry.yarnpkg.com/react-loading-skeleton/-/react-loading-skeleton-2.2.0.tgz#b8ce516f9a2471e90d7d9ead35d61425367e3340"
    integrity sha512-HH37uj9aobrUJSqFglHqO9KQt5zGQe+Svutv8LIq7Iq6gpJqCwIzJOsEVfkQy7ReirbI2uLhCtKloBGQIDP0BQ==
    dependencies:
      "@emotion/core" "^10.0.22"
  
  react-refresh@^0.13.0:
    version "0.13.0"
    resolved "https://registry.yarnpkg.com/react-refresh/-/react-refresh-0.13.0.tgz#cbd01a4482a177a5da8d44c9755ebb1f26d5a1c1"
    integrity sha512-XP8A9BT0CpRBD+NYLLeIhld/RqG9+gktUjW1FkE+Vm7OCinbG1SshcK5tb9ls4kzvjZr9mOQc7HYgBngEyPAXg==
  
  react@^18.0.0:
    version "18.1.0"
    resolved "https://registry.yarnpkg.com/react/-/react-18.1.0.tgz#6f8620382decb17fdc5cc223a115e2adbf104890"
    integrity sha512-4oL8ivCz5ZEPyclFQXaNksK3adutVS8l2xzZU0cqEFrE9Sb7fC0EFK5uEk74wIreL1DERyjvsU915j1pcT2uEQ==
    dependencies:
      loose-envify "^1.1.0"
  
  readable-stream@^3.6.0:
    version "3.6.0"
    resolved "https://registry.yarnpkg.com/readable-stream/-/readable-stream-3.6.0.tgz#337bbda3adc0706bd3e024426a286d4b4b2c9198"
    integrity sha512-BViHy7LKeTz4oNnkcLJ+lVSL6vpiFeX6/d3oSH8zCW7UxP2onchk+vTGB143xuFjHS3deTgkKoXXymXqymiIdA==
    dependencies:
      inherits "^2.0.3"
      string_decoder "^1.1.1"
      util-deprecate "^1.0.1"
  
  regenerator-runtime@^0.13.4:
    version "0.13.9"
    resolved "https://registry.yarnpkg.com/regenerator-runtime/-/regenerator-runtime-0.13.9.tgz#8925742a98ffd90814988d7566ad30ca3b263b52"
    integrity sha512-p3VT+cOEgxFsRRA9X4lkI1E+k2/CtnKtU4gcxyaCUreilL/vqI6CdZ3wxVUx3UOUg+gnUOQQcRI7BmSI656MYA==
  
  resolve-from@^4.0.0:
    version "4.0.0"
    resolved "https://registry.yarnpkg.com/resolve-from/-/resolve-from-4.0.0.tgz#4abcd852ad32dd7baabfe9b40e00a36db5f392e6"
    integrity sha512-pb/MYmXstAkysRFx8piNI1tGFNQIFA3vkE3Gq4EuA1dF6gHp/+vgZqsCGJapvy8N3Q+4o7FwvquPJcnZ7RYy4g==
  
  resolve@^1.12.0, resolve@^1.22.0:
    version "1.22.0"
    resolved "https://registry.yarnpkg.com/resolve/-/resolve-1.22.0.tgz#5e0b8c67c15df57a89bdbabe603a002f21731198"
    integrity sha512-Hhtrw0nLeSrFQ7phPp4OOcVjLPIeMnRlr5mcnVuMe7M/7eBn98A3hmFRLoFo3DLZkivSYwhRUJTyPyWAk56WLw==
    dependencies:
      is-core-module "^2.8.1"
      path-parse "^1.0.7"
      supports-preserve-symlinks-flag "^1.0.0"
  
  rollup@^2.59.0:
    version "2.74.1"
    resolved "https://registry.yarnpkg.com/rollup/-/rollup-2.74.1.tgz#4fba0ff1c312cc4ee82691b154eee69a0d01929f"
    integrity sha512-K2zW7kV8Voua5eGkbnBtWYfMIhYhT9Pel2uhBk2WO5eMee161nPze/XRfvEQPFYz7KgrCCnmh2Wy0AMFLGGmMA==
    optionalDependencies:
      fsevents "~2.3.2"
  
  rope-sequence@^1.3.0:
    version "1.3.3"
    resolved "https://registry.yarnpkg.com/rope-sequence/-/rope-sequence-1.3.3.tgz#3f67fc106288b84b71532b4a5fd9d4881e4457f0"
    integrity sha512-85aZYCxweiD5J8yTEbw+E6A27zSnLPNDL0WfPdw3YYodq7WjnTKo0q4dtyQ2gz23iPT8Q9CUyJtAaUNcTxRf5Q==
  
  safe-buffer@^5.1.0, safe-buffer@~5.2.0:
    version "5.2.1"
    resolved "https://registry.yarnpkg.com/safe-buffer/-/safe-buffer-5.2.1.tgz#1eaf9fa9bdb1fdd4ec75f58f9cdb4e6b7827eec6"
    integrity sha512-rp3So07KcdmmKbGvgaNxQSJr7bGVSVk5S9Eq1F+ppbRo70+YeaDxkw5Dd8NPN+GD6bjnYm2VuPuCXmpuYvmCXQ==
  
  safe-buffer@~5.1.1:
    version "5.1.2"
    resolved "https://registry.yarnpkg.com/safe-buffer/-/safe-buffer-5.1.2.tgz#991ec69d296e0313747d59bdfd2b745c35f8828d"
    integrity sha512-Gd2UZBJDkXlY7GbJxfsE8/nvKkUEU1G38c1siN6QP6a9PT9MmHB8GnpscSmMJSoF8LOIrt8ud/wPtojys4G6+g==
  
  scheduler@^0.22.0:
    version "0.22.0"
    resolved "https://registry.yarnpkg.com/scheduler/-/scheduler-0.22.0.tgz#83a5d63594edf074add9a7198b1bae76c3db01b8"
    integrity sha512-6QAm1BgQI88NPYymgGQLCZgvep4FyePDWFpXVK+zNSUgHwlqpJy8VEh8Et0KxTACS4VWwMousBElAZOH9nkkoQ==
    dependencies:
      loose-envify "^1.1.0"
  
  semver@^6.3.0:
    version "6.3.0"
    resolved "https://registry.yarnpkg.com/semver/-/semver-6.3.0.tgz#ee0a64c8af5e8ceea67687b133761e1becbd1d3d"
    integrity sha512-b39TBaTSfV6yBrapU89p5fKekE2m/NwnDocOVruQFS1/veMgdzuPcnOM34M6CwxW8jH/lxEa5rBoDeUwu5HHTw==
  
  simple-peer@^9.11.0:
    version "9.11.1"
    resolved "https://registry.yarnpkg.com/simple-peer/-/simple-peer-9.11.1.tgz#9814d5723f821b778b7fb011bdefcbd1e788e6cc"
    integrity sha512-D1SaWpOW8afq1CZGWB8xTfrT3FekjQmPValrqncJMX7QFl8YwhrPTZvMCANLtgBwwdS+7zURyqxDDEmY558tTw==
    dependencies:
      buffer "^6.0.3"
      debug "^4.3.2"
      err-code "^3.0.1"
      get-browser-rtc "^1.1.0"
      queue-microtask "^1.2.3"
      randombytes "^2.1.0"
      readable-stream "^3.6.0"
  
  source-map-js@^1.0.2:
    version "1.0.2"
    resolved "https://registry.yarnpkg.com/source-map-js/-/source-map-js-1.0.2.tgz#adbc361d9c62df380125e7f161f71c826f1e490c"
    integrity sha512-R0XvVJ9WusLiqTCEiGCmICCMplcCkIwwR11mOSD9CR5u+IXYdiseeEuXCVAjS54zqwkLcPNnmU4OeJ6tUrWhDw==
  
  source-map@^0.5.7:
    version "0.5.7"
    resolved "https://registry.yarnpkg.com/source-map/-/source-map-0.5.7.tgz#8a039d2d1021d22d1ea14c80d8ea468ba2ef3fcc"
    integrity sha1-igOdLRAh0i0eoUyA2OpGi6LvP8w=
  
  string_decoder@^1.1.1:
    version "1.3.0"
    resolved "https://registry.yarnpkg.com/string_decoder/-/string_decoder-1.3.0.tgz#42f114594a46cf1a8e30b0a84f56c78c3edac21e"
    integrity sha512-hkRX8U1WjJFd8LsDJ2yQ/wWWxaopEsABU1XfkM8A+j0+85JAGppt16cr1Whg6KIbb4okU6Mql6BOj+uup/wKeA==
    dependencies:
      safe-buffer "~5.2.0"
  
  supports-color@^5.3.0:
    version "5.5.0"
    resolved "https://registry.yarnpkg.com/supports-color/-/supports-color-5.5.0.tgz#e2e69a44ac8772f78a1ec0b35b689df6530efc8f"
    integrity sha512-QjVjwdXIt408MIiAqCX4oUKsgU2EqAGzs2Ppkm4aQYbjm+ZEWEcW4SfFNTr4uMNZma0ey4f5lgLrkB0aX0QMow==
    dependencies:
      has-flag "^3.0.0"
  
  supports-preserve-symlinks-flag@^1.0.0:
    version "1.0.0"
    resolved "https://registry.yarnpkg.com/supports-preserve-symlinks-flag/-/supports-preserve-symlinks-flag-1.0.0.tgz#6eda4bd344a3c94aea376d4cc31bc77311039e09"
    integrity sha512-ot0WnXS9fgdkgIcePe6RHNk1WA8+muPa6cSjeR3V8K27q9BB1rTE3R1p7Hv0z1ZyAc8s6Vvv8DIyWf681MAt0w==
  
  tippy.js@^6.3.7:
    version "6.3.7"
    resolved "https://registry.yarnpkg.com/tippy.js/-/tippy.js-6.3.7.tgz#8ccfb651d642010ed9a32ff29b0e9e19c5b8c61c"
    integrity sha512-E1d3oP2emgJ9dRQZdf3Kkn0qJgI6ZLpyS5z6ZkY1DF3kaQaBsGZsndEpHwx+eC+tYM41HaSNvNtLx8tU57FzTQ==
    dependencies:
      "@popperjs/core" "^2.9.0"
  
  to-fast-properties@^2.0.0:
    version "2.0.0"
    resolved "https://registry.yarnpkg.com/to-fast-properties/-/to-fast-properties-2.0.0.tgz#dc5e698cbd079265bc73e0377681a4e4e83f616e"
    integrity sha1-3F5pjL0HkmW8c+A3doGk5Og/YW4=
  
  util-deprecate@^1.0.1:
    version "1.0.2"
    resolved "https://registry.yarnpkg.com/util-deprecate/-/util-deprecate-1.0.2.tgz#450d4dc9fa70de732762fbd2d4a28981419a0ccf"
    integrity sha1-RQ1Nyfpw3nMnYvvS1KKJgUGaDM8=
  
  vite@^2.9.9:
    version "2.9.9"
    resolved "https://registry.yarnpkg.com/vite/-/vite-2.9.9.tgz#8b558987db5e60fedec2f4b003b73164cb081c5e"
    integrity sha512-ffaam+NgHfbEmfw/Vuh6BHKKlI/XIAhxE5QSS7gFLIngxg171mg1P3a4LSRME0z2ZU1ScxoKzphkipcYwSD5Ew==
    dependencies:
      esbuild "^0.14.27"
      postcss "^8.4.13"
      resolve "^1.22.0"
      rollup "^2.59.0"
    optionalDependencies:
      fsevents "~2.3.2"
  
  w3c-keyname@^2.2.0:
    version "2.2.4"
    resolved "https://registry.yarnpkg.com/w3c-keyname/-/w3c-keyname-2.2.4.tgz#4ade6916f6290224cdbd1db8ac49eab03d0eef6b"
    integrity sha512-tOhfEwEzFLJzf6d1ZPkYfGj+FWhIpBux9ppoP3rlclw3Z0BZv3N7b7030Z1kYth+6rDuAsXUFr+d0VE6Ed1ikw==
  
  ws@^7.2.0:
    version "7.5.8"
    resolved "https://registry.yarnpkg.com/ws/-/ws-7.5.8.tgz#ac2729881ab9e7cbaf8787fe3469a48c5c7f636a"
    integrity sha512-ri1Id1WinAX5Jqn9HejiGb8crfRio0Qgu8+MtL36rlTA6RLsMdWt1Az/19A2Qij6uSHUMphEFaTKa4WG+UNHNw==
  
  y-prosemirror@^1.0.14:
    version "1.1.2"
    resolved "https://registry.yarnpkg.com/y-prosemirror/-/y-prosemirror-1.1.2.tgz#4529e0b897040542c15cc47ba035b88ae0f8da44"
    integrity sha512-+5Pf30ugJIatxy8DAmRMhkiYCI2xxBg+T5Btg9G/7v5La0I5WpR/GT/Kg8RGLv8LiG4/c4bVAEEM+efyVehLIQ==
    dependencies:
      lib0 "^0.2.42"
  
  y-protocols@^1.0.5:
    version "1.0.5"
    resolved "https://registry.yarnpkg.com/y-protocols/-/y-protocols-1.0.5.tgz#91d574250060b29fcac8f8eb5e276fbad594245e"
    integrity sha512-Wil92b7cGk712lRHDqS4T90IczF6RkcvCwAD0A2OPg+adKmOe+nOiT/N2hvpQIWS3zfjmtL4CPaH5sIW1Hkm/A==
    dependencies:
      lib0 "^0.2.42"
  
  y-webrtc@^10.2.3:
    version "10.2.3"
    resolved "https://registry.yarnpkg.com/y-webrtc/-/y-webrtc-10.2.3.tgz#cb0d3194c18c999ac45a78a182042a305528dd41"
    integrity sha512-X7a6c56/jWhEI8LHLmT3LgzwbPA4r8h46pdVvV+55EQJhi+K6RfmisWgj7h6/2gkB0yveq7iDxlmyrYGnAKW/Q==
    dependencies:
      lib0 "^0.2.42"
      simple-peer "^9.11.0"
      y-protocols "^1.0.5"
    optionalDependencies:
      ws "^7.2.0"
  
  yaml@^1.7.2:
    version "1.10.2"
    resolved "https://registry.yarnpkg.com/yaml/-/yaml-1.10.2.tgz#2301c5ffbf12b467de8da2333a459e29e7920e4b"
    integrity sha512-r3vXyErRCYJ7wg28yvBY5VSoAF8ZvlcW9/BwUzEtUsjvX/DKs24dIkuwjtuprwJJHsbyUbLApepYTR1BN4uHrg==
  
  yjs@^13.5.29, yjs@^13.5.38:
    version "13.5.38"
    resolved "https://registry.yarnpkg.com/yjs/-/yjs-13.5.38.tgz#58dc8d679c69bddaf7c62e74c909ca08a8e592c9"
    integrity sha512-YCHj6DkgxhIRqdxqTI+htGAhvfmgkS974pz+/OOiuLOj0EgGfUKvtp4yYyQGg1Wf3m4oLet9x7gEvCrxaGiVZQ==
    dependencies:
      lib0 "^0.2.49"
